{"contracts/ContractManager.sol":{"l":{"104":213,"105":213,"124":1,"128":1,"129":1,"130":1,"131":1,"132":1,"133":1,"144":1,"148":1,"149":1,"162":1,"166":1,"167":1,"168":1,"174":0,"175":0,"179":0,"180":0,"183":0,"195":0,"201":0,"205":0,"211":0,"220":1,"224":1,"232":1,"236":1,"242":1,"246":1,"252":1,"256":1,"264":1,"268":1,"276":1,"280":1,"288":1,"292":1,"300":1,"304":1,"310":1,"314":1,"320":2,"324":2,"332":0,"336":0},"path":"/Users/mac-chan/udao-contracts/contracts/ContractManager.sol","s":{"1":1,"2":1,"3":1,"4":0,"5":0,"6":0,"7":0,"8":0,"9":0,"10":0,"11":0,"12":0,"13":1,"14":1,"15":1,"16":1,"17":1,"18":1,"19":1,"20":1,"21":1,"22":2,"23":0},"b":{"1":[1,0],"2":[1,0],"3":[1,0],"4":[1,0],"5":[1,0],"6":[1,0],"7":[1,0],"8":[1,0],"9":[1,0],"10":[1,0],"11":[1,0],"12":[1,0],"13":[2,0],"14":[0,0]},"f":{"1":213,"2":1,"3":1,"4":1,"5":0,"6":0,"7":1,"8":1,"9":1,"10":1,"11":1,"12":1,"13":1,"14":1,"15":1,"16":2,"17":0},"fnMap":{"1":{"name":"constructor","line":103,"loc":{"start":{"line":103,"column":4},"end":{"line":106,"column":4}}},"2":{"name":"setAddresesVersion1Contracts","line":116,"loc":{"start":{"line":116,"column":4},"end":{"line":134,"column":4}}},"3":{"name":"setAddresesCommonInVersion1and2","line":140,"loc":{"start":{"line":140,"column":4},"end":{"line":150,"column":4}}},"4":{"name":"setAddresesVersion2GovernanceContracts","line":157,"loc":{"start":{"line":157,"column":4},"end":{"line":169,"column":4}}},"5":{"name":"syncVersion1ContractAddresses","line":173,"loc":{"start":{"line":173,"column":4},"end":{"line":190,"column":4}}},"6":{"name":"syncVersion2ContractAddresses","line":194,"loc":{"start":{"line":194,"column":4},"end":{"line":215,"column":4}}},"7":{"name":"setAddressUDAOContract","line":219,"loc":{"start":{"line":219,"column":4},"end":{"line":225,"column":4}}},"8":{"name":"setAddressRoleManagerContract","line":229,"loc":{"start":{"line":229,"column":4},"end":{"line":237,"column":4}}},"9":{"name":"setAddressUDAOCContract","line":241,"loc":{"start":{"line":241,"column":4},"end":{"line":247,"column":4}}},"10":{"name":"setAddressUDAOCertContract","line":251,"loc":{"start":{"line":251,"column":4},"end":{"line":257,"column":4}}},"11":{"name":"setAddressVoucherVerifierContract","line":261,"loc":{"start":{"line":261,"column":4},"end":{"line":269,"column":4}}},"12":{"name":"setAddressPlatformTreasuryContract","line":273,"loc":{"start":{"line":273,"column":4},"end":{"line":281,"column":4}}},"13":{"name":"setAddressGovernanceTreasuryContract","line":285,"loc":{"start":{"line":285,"column":4},"end":{"line":293,"column":4}}},"14":{"name":"setAddressSupervisionContract","line":297,"loc":{"start":{"line":297,"column":4},"end":{"line":305,"column":4}}},"15":{"name":"setAddressUDAOvpContract","line":309,"loc":{"start":{"line":309,"column":4},"end":{"line":315,"column":4}}},"16":{"name":"setAddressUDAOStakerContract","line":319,"loc":{"start":{"line":319,"column":4},"end":{"line":325,"column":4}}},"17":{"name":"setAddressUDAOGovernorContract","line":329,"loc":{"start":{"line":329,"column":4},"end":{"line":337,"column":4}}}},"statementMap":{"1":{"start":{"line":124,"column":8},"end":{"line":124,"column":4815}},"2":{"start":{"line":144,"column":8},"end":{"line":144,"column":5929}},"3":{"start":{"line":162,"column":8},"end":{"line":162,"column":7010}},"4":{"start":{"line":174,"column":8},"end":{"line":174,"column":77}},"5":{"start":{"line":175,"column":8},"end":{"line":175,"column":7659}},"6":{"start":{"line":179,"column":8},"end":{"line":179,"column":71}},"7":{"start":{"line":180,"column":8},"end":{"line":180,"column":7854}},"8":{"start":{"line":183,"column":8},"end":{"line":183,"column":7964}},"9":{"start":{"line":195,"column":8},"end":{"line":195,"column":8493}},"10":{"start":{"line":201,"column":8},"end":{"line":201,"column":8689}},"11":{"start":{"line":205,"column":8},"end":{"line":205,"column":8812}},"12":{"start":{"line":211,"column":8},"end":{"line":211,"column":9001}},"13":{"start":{"line":220,"column":8},"end":{"line":220,"column":9426}},"14":{"start":{"line":232,"column":8},"end":{"line":232,"column":9914}},"15":{"start":{"line":242,"column":8},"end":{"line":242,"column":10397}},"16":{"start":{"line":252,"column":8},"end":{"line":252,"column":10871}},"17":{"start":{"line":264,"column":8},"end":{"line":264,"column":11388}},"18":{"start":{"line":276,"column":8},"end":{"line":276,"column":11935}},"19":{"start":{"line":288,"column":8},"end":{"line":288,"column":12495}},"20":{"start":{"line":300,"column":8},"end":{"line":300,"column":13024}},"21":{"start":{"line":310,"column":8},"end":{"line":310,"column":13502}},"22":{"start":{"line":320,"column":8},"end":{"line":320,"column":13978}},"23":{"start":{"line":332,"column":8},"end":{"line":332,"column":14486}}},"branchMap":{"1":{"line":124,"type":"if","locations":[{"start":{"line":124,"column":8},"end":{"line":124,"column":8}},{"start":{"line":124,"column":8},"end":{"line":124,"column":8}}]},"2":{"line":144,"type":"if","locations":[{"start":{"line":144,"column":8},"end":{"line":144,"column":8}},{"start":{"line":144,"column":8},"end":{"line":144,"column":8}}]},"3":{"line":162,"type":"if","locations":[{"start":{"line":162,"column":8},"end":{"line":162,"column":8}},{"start":{"line":162,"column":8},"end":{"line":162,"column":8}}]},"4":{"line":220,"type":"if","locations":[{"start":{"line":220,"column":8},"end":{"line":220,"column":8}},{"start":{"line":220,"column":8},"end":{"line":220,"column":8}}]},"5":{"line":232,"type":"if","locations":[{"start":{"line":232,"column":8},"end":{"line":232,"column":8}},{"start":{"line":232,"column":8},"end":{"line":232,"column":8}}]},"6":{"line":242,"type":"if","locations":[{"start":{"line":242,"column":8},"end":{"line":242,"column":8}},{"start":{"line":242,"column":8},"end":{"line":242,"column":8}}]},"7":{"line":252,"type":"if","locations":[{"start":{"line":252,"column":8},"end":{"line":252,"column":8}},{"start":{"line":252,"column":8},"end":{"line":252,"column":8}}]},"8":{"line":264,"type":"if","locations":[{"start":{"line":264,"column":8},"end":{"line":264,"column":8}},{"start":{"line":264,"column":8},"end":{"line":264,"column":8}}]},"9":{"line":276,"type":"if","locations":[{"start":{"line":276,"column":8},"end":{"line":276,"column":8}},{"start":{"line":276,"column":8},"end":{"line":276,"column":8}}]},"10":{"line":288,"type":"if","locations":[{"start":{"line":288,"column":8},"end":{"line":288,"column":8}},{"start":{"line":288,"column":8},"end":{"line":288,"column":8}}]},"11":{"line":300,"type":"if","locations":[{"start":{"line":300,"column":8},"end":{"line":300,"column":8}},{"start":{"line":300,"column":8},"end":{"line":300,"column":8}}]},"12":{"line":310,"type":"if","locations":[{"start":{"line":310,"column":8},"end":{"line":310,"column":8}},{"start":{"line":310,"column":8},"end":{"line":310,"column":8}}]},"13":{"line":320,"type":"if","locations":[{"start":{"line":320,"column":8},"end":{"line":320,"column":8}},{"start":{"line":320,"column":8},"end":{"line":320,"column":8}}]},"14":{"line":332,"type":"if","locations":[{"start":{"line":332,"column":8},"end":{"line":332,"column":8}},{"start":{"line":332,"column":8},"end":{"line":332,"column":8}}]}}},"contracts/governance/DummySupervision.sol":{"l":{"14":0},"path":"/Users/mac-chan/udao-contracts/contracts/governance/DummySupervision.sol","s":{"1":0},"b":{},"f":{"1":0,"2":28,"3":17,"4":17},"fnMap":{"1":{"name":"getIsValidated","line":13,"loc":{"start":{"line":13,"column":4},"end":{"line":15,"column":4}}},"2":{"name":"createValidation","line":20,"loc":{"start":{"line":20,"column":4},"end":{"line":20,"column":72}}},"3":{"name":"dismissValidation","line":24,"loc":{"start":{"line":24,"column":4},"end":{"line":24,"column":67}}},"4":{"name":"dismissDispute","line":28,"loc":{"start":{"line":28,"column":4},"end":{"line":28,"column":64}}}},"statementMap":{"1":{"start":{"line":14,"column":8},"end":{"line":14,"column":42}}},"branchMap":{}},"contracts/interfaces/IGovernanceTreasury.sol":{"l":{},"path":"/Users/mac-chan/udao-contracts/contracts/interfaces/IGovernanceTreasury.sol","s":{},"b":{},"f":{},"fnMap":{},"statementMap":{},"branchMap":{}},"contracts/interfaces/IRoleManager.sol":{"l":{},"path":"/Users/mac-chan/udao-contracts/contracts/interfaces/IRoleManager.sol","s":{},"b":{},"f":{},"fnMap":{},"statementMap":{},"branchMap":{}},"contracts/interfaces/ISupervision.sol":{"l":{},"path":"/Users/mac-chan/udao-contracts/contracts/interfaces/ISupervision.sol","s":{},"b":{},"f":{},"fnMap":{},"statementMap":{},"branchMap":{}},"contracts/interfaces/IUDAOC.sol":{"l":{},"path":"/Users/mac-chan/udao-contracts/contracts/interfaces/IUDAOC.sol","s":{},"b":{},"f":{},"fnMap":{},"statementMap":{},"branchMap":{}},"contracts/interfaces/IVoucherVerifier.sol":{"l":{},"path":"/Users/mac-chan/udao-contracts/contracts/interfaces/IVoucherVerifier.sol","s":{},"b":{},"f":{},"fnMap":{},"statementMap":{},"branchMap":{}},"contracts/RoleLegacy.sol":{"l":{"20":92,"30":76,"40":80,"50":852,"56":0,"60":0,"61":0},"path":"/Users/mac-chan/udao-contracts/contracts/RoleLegacy.sol","s":{"1":92,"2":76,"3":80,"4":0,"5":0},"b":{"1":[0,0]},"f":{"1":92,"2":76,"3":80,"4":852,"5":0},"fnMap":{"1":{"name":"hasRole","line":16,"loc":{"start":{"line":16,"column":4},"end":{"line":21,"column":4}}},"2":{"name":"isNotBanned","line":26,"loc":{"start":{"line":26,"column":4},"end":{"line":31,"column":4}}},"3":{"name":"isKYCed","line":36,"loc":{"start":{"line":36,"column":4},"end":{"line":41,"column":4}}},"4":{"name":"constructor","line":49,"loc":{"start":{"line":49,"column":4},"end":{"line":51,"column":4}}},"5":{"name":"setFoundationAddress","line":55,"loc":{"start":{"line":55,"column":4},"end":{"line":62,"column":4}}}},"statementMap":{"1":{"start":{"line":20,"column":8},"end":{"line":20,"column":53}},"2":{"start":{"line":30,"column":8},"end":{"line":30,"column":63}},"3":{"start":{"line":40,"column":8},"end":{"line":40,"column":61}},"4":{"start":{"line":56,"column":8},"end":{"line":56,"column":1847}},"5":{"start":{"line":61,"column":8},"end":{"line":61,"column":49}}},"branchMap":{"1":{"line":56,"type":"if","locations":[{"start":{"line":56,"column":8},"end":{"line":56,"column":8}},{"start":{"line":56,"column":8},"end":{"line":56,"column":8}}]}}},"contracts/RoleManager.sol":{"l":{"31":213,"32":213,"38":142,"43":142,"45":142,"54":0,"55":0,"56":0,"57":0,"60":0,"67":117,"68":117,"69":117,"71":117,"72":6,"73":6,"81":11,"86":11,"87":11,"92":11,"93":11,"95":11,"96":11,"97":11,"105":7100,"109":7100,"116":7100,"120":7100,"129":120,"130":0,"132":120,"142":117,"143":0,"145":117,"153":0,"157":0,"164":0,"168":0,"174":0,"178":0,"184":0,"188":0,"189":0},"path":"/Users/mac-chan/udao-contracts/contracts/RoleManager.sol","s":{"1":213,"2":213,"3":142,"4":142,"5":0,"6":0,"7":0,"8":0,"9":0,"10":117,"11":117,"12":117,"13":6,"14":6,"15":11,"16":11,"17":11,"18":11,"19":11,"20":11,"21":11,"22":7100,"23":7100,"24":120,"25":0,"26":120,"27":117,"28":0,"29":117,"30":0,"31":0,"32":0,"33":0,"34":0,"35":0,"36":0,"37":0},"b":{"1":[142,0],"2":[142,0],"3":[0,0],"4":[117,0],"5":[6,111],"6":[11,0],"7":[11,0],"8":[11,0],"9":[11,0],"10":[11,0],"11":[7100,0],"12":[7100,0],"13":[0,120],"14":[0,117],"15":[0,0],"16":[0,0],"17":[0,0],"18":[0,0]},"f":{"1":213,"2":142,"3":0,"4":117,"5":11,"6":7100,"7":7100,"8":120,"9":117,"10":0,"11":0,"12":0,"13":0},"fnMap":{"1":{"name":"constructor","line":30,"loc":{"start":{"line":30,"column":4},"end":{"line":33,"column":4}}},"2":{"name":"updateAddresses","line":37,"loc":{"start":{"line":37,"column":4},"end":{"line":46,"column":4}}},"3":{"name":"hasRoles","line":50,"loc":{"start":{"line":50,"column":4},"end":{"line":61,"column":4}}},"4":{"name":"setKYC","line":66,"loc":{"start":{"line":66,"column":4},"end":{"line":75,"column":4}}},"5":{"name":"setBan","line":80,"loc":{"start":{"line":80,"column":4},"end":{"line":99,"column":4}}},"6":{"name":"setActiveKYCFunctions","line":104,"loc":{"start":{"line":104,"column":4},"end":{"line":110,"column":4}}},"7":{"name":"setActiveBanFunctions","line":115,"loc":{"start":{"line":115,"column":4},"end":{"line":121,"column":4}}},"8":{"name":"isKYCed","line":125,"loc":{"start":{"line":125,"column":4},"end":{"line":134,"column":4}}},"9":{"name":"isBanned","line":138,"loc":{"start":{"line":138,"column":4},"end":{"line":147,"column":4}}},"10":{"name":"grantRoleStaker","line":152,"loc":{"start":{"line":152,"column":4},"end":{"line":158,"column":4}}},"11":{"name":"revokeRoleStaker","line":163,"loc":{"start":{"line":163,"column":4},"end":{"line":169,"column":4}}},"12":{"name":"grantBackend","line":173,"loc":{"start":{"line":173,"column":4},"end":{"line":179,"column":4}}},"13":{"name":"revokeBackend","line":183,"loc":{"start":{"line":183,"column":4},"end":{"line":190,"column":4}}}},"statementMap":{"1":{"start":{"line":31,"column":8},"end":{"line":31,"column":49}},"2":{"start":{"line":32,"column":8},"end":{"line":32,"column":54}},"3":{"start":{"line":38,"column":8},"end":{"line":38,"column":1457}},"4":{"start":{"line":45,"column":8},"end":{"line":45,"column":49}},"5":{"start":{"line":54,"column":8},"end":{"line":54,"column":39}},"6":{"start":{"line":55,"column":8},"end":{"line":55,"column":2035}},"7":{"start":{"line":56,"column":12},"end":{"line":56,"column":2092}},"8":{"start":{"line":57,"column":16},"end":{"line":57,"column":27}},"9":{"start":{"line":60,"column":8},"end":{"line":60,"column":20}},"10":{"start":{"line":67,"column":8},"end":{"line":67,"column":77}},"11":{"start":{"line":69,"column":8},"end":{"line":69,"column":39}},"12":{"start":{"line":71,"column":8},"end":{"line":71,"column":2572}},"13":{"start":{"line":72,"column":12},"end":{"line":72,"column":50}},"14":{"start":{"line":73,"column":12},"end":{"line":73,"column":47}},"15":{"start":{"line":81,"column":8},"end":{"line":81,"column":2922}},"16":{"start":{"line":86,"column":8},"end":{"line":86,"column":76}},"17":{"start":{"line":87,"column":8},"end":{"line":87,"column":3200}},"18":{"start":{"line":93,"column":8},"end":{"line":93,"column":40}},"19":{"start":{"line":95,"column":8},"end":{"line":95,"column":3402}},"20":{"start":{"line":96,"column":12},"end":{"line":96,"column":50}},"21":{"start":{"line":97,"column":12},"end":{"line":97,"column":47}},"22":{"start":{"line":105,"column":8},"end":{"line":105,"column":3783}},"23":{"start":{"line":116,"column":8},"end":{"line":116,"column":4204}},"24":{"start":{"line":129,"column":8},"end":{"line":129,"column":4660}},"25":{"start":{"line":130,"column":12},"end":{"line":130,"column":23}},"26":{"start":{"line":132,"column":12},"end":{"line":132,"column":36}},"27":{"start":{"line":142,"column":8},"end":{"line":142,"column":5085}},"28":{"start":{"line":143,"column":12},"end":{"line":143,"column":24}},"29":{"start":{"line":145,"column":12},"end":{"line":145,"column":36}},"30":{"start":{"line":153,"column":8},"end":{"line":153,"column":5468}},"31":{"start":{"line":157,"column":8},"end":{"line":157,"column":29}},"32":{"start":{"line":164,"column":8},"end":{"line":164,"column":5876}},"33":{"start":{"line":168,"column":8},"end":{"line":168,"column":30}},"34":{"start":{"line":174,"column":8},"end":{"line":174,"column":6228}},"35":{"start":{"line":178,"column":8},"end":{"line":178,"column":47}},"36":{"start":{"line":184,"column":8},"end":{"line":184,"column":6606}},"37":{"start":{"line":188,"column":8},"end":{"line":188,"column":48}}},"branchMap":{"1":{"line":38,"type":"if","locations":[{"start":{"line":38,"column":8},"end":{"line":38,"column":8}},{"start":{"line":38,"column":8},"end":{"line":38,"column":8}}]},"2":{"line":39,"type":"cond-expr","locations":[{"start":{"line":39,"column":13},"end":{"line":39,"column":45}},{"start":{"line":40,"column":16},"end":{"line":40,"column":52}}]},"3":{"line":56,"type":"if","locations":[{"start":{"line":56,"column":12},"end":{"line":56,"column":12}},{"start":{"line":56,"column":12},"end":{"line":56,"column":12}}]},"4":{"line":67,"type":"if","locations":[{"start":{"line":67,"column":8},"end":{"line":67,"column":8}},{"start":{"line":67,"column":8},"end":{"line":67,"column":8}}]},"5":{"line":71,"type":"if","locations":[{"start":{"line":71,"column":8},"end":{"line":71,"column":8}},{"start":{"line":71,"column":8},"end":{"line":71,"column":8}}]},"6":{"line":81,"type":"if","locations":[{"start":{"line":81,"column":8},"end":{"line":81,"column":8}},{"start":{"line":81,"column":8},"end":{"line":81,"column":8}}]},"7":{"line":82,"type":"cond-expr","locations":[{"start":{"line":82,"column":12},"end":{"line":82,"column":44}},{"start":{"line":83,"column":16},"end":{"line":83,"column":56}}]},"8":{"line":86,"type":"if","locations":[{"start":{"line":86,"column":8},"end":{"line":86,"column":8}},{"start":{"line":86,"column":8},"end":{"line":86,"column":8}}]},"9":{"line":87,"type":"if","locations":[{"start":{"line":87,"column":8},"end":{"line":87,"column":8}},{"start":{"line":87,"column":8},"end":{"line":87,"column":8}}]},"10":{"line":95,"type":"if","locations":[{"start":{"line":95,"column":8},"end":{"line":95,"column":8}},{"start":{"line":95,"column":8},"end":{"line":95,"column":8}}]},"11":{"line":105,"type":"if","locations":[{"start":{"line":105,"column":8},"end":{"line":105,"column":8}},{"start":{"line":105,"column":8},"end":{"line":105,"column":8}}]},"12":{"line":116,"type":"if","locations":[{"start":{"line":116,"column":8},"end":{"line":116,"column":8}},{"start":{"line":116,"column":8},"end":{"line":116,"column":8}}]},"13":{"line":129,"type":"if","locations":[{"start":{"line":129,"column":8},"end":{"line":129,"column":8}},{"start":{"line":129,"column":8},"end":{"line":129,"column":8}}]},"14":{"line":142,"type":"if","locations":[{"start":{"line":142,"column":8},"end":{"line":142,"column":8}},{"start":{"line":142,"column":8},"end":{"line":142,"column":8}}]},"15":{"line":153,"type":"if","locations":[{"start":{"line":153,"column":8},"end":{"line":153,"column":8}},{"start":{"line":153,"column":8},"end":{"line":153,"column":8}}]},"16":{"line":164,"type":"if","locations":[{"start":{"line":164,"column":8},"end":{"line":164,"column":8}},{"start":{"line":164,"column":8},"end":{"line":164,"column":8}}]},"17":{"line":174,"type":"if","locations":[{"start":{"line":174,"column":8},"end":{"line":174,"column":8}},{"start":{"line":174,"column":8},"end":{"line":174,"column":8}}]},"18":{"line":184,"type":"if","locations":[{"start":{"line":184,"column":8},"end":{"line":184,"column":8}},{"start":{"line":184,"column":8},"end":{"line":184,"column":8}}]}}},"contracts/RoleNames.sol":{"l":{"29":1065,"30":1065,"31":1065},"path":"/Users/mac-chan/udao-contracts/contracts/RoleNames.sol","s":{"1":1065,"2":1065,"3":1065},"b":{},"f":{"1":1065},"fnMap":{"1":{"name":"constructor","line":28,"loc":{"start":{"line":28,"column":4},"end":{"line":32,"column":4}}}},"statementMap":{"1":{"start":{"line":29,"column":8},"end":{"line":29,"column":48}},"2":{"start":{"line":30,"column":8},"end":{"line":30,"column":48}},"3":{"start":{"line":31,"column":8},"end":{"line":31,"column":45}}},"branchMap":{}},"contracts/tokens/UDAO-Cert.sol":{"l":{"39":213,"62":0,"63":0,"69":0,"71":0,"78":10,"80":9,"81":8,"83":8,"84":8,"89":7,"90":7,"98":8,"119":22,"120":22,"123":22,"132":8,"133":8,"146":10,"147":10,"149":2,"150":2,"151":2,"168":2,"173":1,"174":1,"175":1,"181":2,"185":1,"191":1,"197":1,"201":1,"202":1,"206":0,"207":0},"path":"/Users/mac-chan/udao-contracts/contracts/tokens/UDAO-Cert.sol","s":{"1":0,"2":0,"3":0,"4":10,"5":9,"6":8,"7":8,"8":8,"9":7,"10":7,"11":8,"12":22,"13":22,"14":8,"15":8,"16":10,"17":10,"18":2,"19":2,"20":2,"21":2,"22":1,"23":1,"24":1,"25":2,"26":1,"27":1,"28":1,"29":1,"30":1,"31":0,"32":0},"b":{"1":[0,0],"2":[0,0],"3":[0,0],"4":[10,1],"5":[9,1],"6":[8,1],"7":[8,0],"8":[7,1],"9":[2,8],"10":[2,0],"11":[2,0],"12":[1,1],"13":[1,1],"14":[1,0],"15":[1,0],"16":[1,1],"17":[1,0],"18":[0,0]},"f":{"1":213,"2":0,"3":10,"4":8,"5":22,"6":8,"7":10,"8":2,"9":2,"10":1,"11":1,"12":1,"13":0},"fnMap":{"1":{"name":"constructor","line":37,"loc":{"start":{"line":33,"column":4},"end":{"line":40,"column":4}}},"2":{"name":"updateAddresses","line":61,"loc":{"start":{"line":61,"column":4},"end":{"line":72,"column":4}}},"3":{"name":"redeem","line":76,"loc":{"start":{"line":76,"column":4},"end":{"line":91,"column":4}}},"4":{"name":"_hash","line":95,"loc":{"start":{"line":95,"column":4},"end":{"line":113,"column":4}}},"5":{"name":"getChainID","line":118,"loc":{"start":{"line":118,"column":4},"end":{"line":124,"column":4}}},"6":{"name":"_verify","line":129,"loc":{"start":{"line":129,"column":4},"end":{"line":134,"column":4}}},"7":{"name":"_beforeTokenTransfer","line":141,"loc":{"start":{"line":141,"column":4},"end":{"line":156,"column":4}}},"8":{"name":"emergencyTransfer","line":163,"loc":{"start":{"line":163,"column":4},"end":{"line":176,"column":4}}},"9":{"name":"burn","line":180,"loc":{"start":{"line":180,"column":4},"end":{"line":186,"column":4}}},"10":{"name":"_burn","line":188,"loc":{"start":{"line":188,"column":4},"end":{"line":192,"column":4}}},"11":{"name":"tokenURI","line":194,"loc":{"start":{"line":194,"column":4},"end":{"line":198,"column":4}}},"12":{"name":"pause","line":200,"loc":{"start":{"line":200,"column":4},"end":{"line":203,"column":4}}},"13":{"name":"unpause","line":205,"loc":{"start":{"line":205,"column":4},"end":{"line":208,"column":4}}}},"statementMap":{"1":{"start":{"line":62,"column":8},"end":{"line":62,"column":2311}},"2":{"start":{"line":63,"column":12},"end":{"line":63,"column":2365}},"3":{"start":{"line":71,"column":8},"end":{"line":71,"column":49}},"4":{"start":{"line":78,"column":8},"end":{"line":78,"column":74}},"5":{"start":{"line":80,"column":8},"end":{"line":80,"column":60}},"6":{"start":{"line":81,"column":8},"end":{"line":81,"column":62}},"7":{"start":{"line":83,"column":8},"end":{"line":83,"column":41}},"8":{"start":{"line":84,"column":8},"end":{"line":84,"column":3385}},"9":{"start":{"line":89,"column":8},"end":{"line":89,"column":47}},"10":{"start":{"line":90,"column":8},"end":{"line":90,"column":49}},"11":{"start":{"line":98,"column":8},"end":{"line":98,"column":3892}},"12":{"start":{"line":119,"column":8},"end":{"line":119,"column":18}},"13":{"start":{"line":123,"column":8},"end":{"line":123,"column":17}},"14":{"start":{"line":132,"column":8},"end":{"line":132,"column":39}},"15":{"start":{"line":133,"column":8},"end":{"line":133,"column":55}},"16":{"start":{"line":146,"column":8},"end":{"line":146,"column":52}},"17":{"start":{"line":147,"column":8},"end":{"line":147,"column":5921}},"18":{"start":{"line":149,"column":12},"end":{"line":149,"column":60}},"19":{"start":{"line":150,"column":12},"end":{"line":150,"column":61}},"20":{"start":{"line":151,"column":12},"end":{"line":151,"column":6169}},"21":{"start":{"line":168,"column":8},"end":{"line":168,"column":6735}},"22":{"start":{"line":173,"column":8},"end":{"line":173,"column":56}},"23":{"start":{"line":174,"column":8},"end":{"line":174,"column":57}},"24":{"start":{"line":175,"column":8},"end":{"line":175,"column":35}},"25":{"start":{"line":181,"column":8},"end":{"line":181,"column":7261}},"26":{"start":{"line":185,"column":8},"end":{"line":185,"column":21}},"27":{"start":{"line":191,"column":8},"end":{"line":191,"column":27}},"28":{"start":{"line":197,"column":8},"end":{"line":197,"column":38}},"29":{"start":{"line":201,"column":8},"end":{"line":201,"column":75}},"30":{"start":{"line":202,"column":8},"end":{"line":202,"column":15}},"31":{"start":{"line":206,"column":8},"end":{"line":206,"column":77}},"32":{"start":{"line":207,"column":8},"end":{"line":207,"column":17}}},"branchMap":{"1":{"line":62,"type":"if","locations":[{"start":{"line":62,"column":8},"end":{"line":62,"column":8}},{"start":{"line":62,"column":8},"end":{"line":62,"column":8}}]},"2":{"line":63,"type":"if","locations":[{"start":{"line":63,"column":12},"end":{"line":63,"column":12}},{"start":{"line":63,"column":12},"end":{"line":63,"column":12}}]},"3":{"line":64,"type":"cond-expr","locations":[{"start":{"line":64,"column":17},"end":{"line":64,"column":49}},{"start":{"line":65,"column":20},"end":{"line":65,"column":56}}]},"4":{"line":76,"type":"if","locations":[{"start":{"line":76,"column":64},"end":{"line":76,"column":64}},{"start":{"line":76,"column":64},"end":{"line":76,"column":64}}]},"5":{"line":78,"type":"if","locations":[{"start":{"line":78,"column":8},"end":{"line":78,"column":8}},{"start":{"line":78,"column":8},"end":{"line":78,"column":8}}]},"6":{"line":80,"type":"if","locations":[{"start":{"line":80,"column":8},"end":{"line":80,"column":8}},{"start":{"line":80,"column":8},"end":{"line":80,"column":8}}]},"7":{"line":81,"type":"if","locations":[{"start":{"line":81,"column":8},"end":{"line":81,"column":8}},{"start":{"line":81,"column":8},"end":{"line":81,"column":8}}]},"8":{"line":84,"type":"if","locations":[{"start":{"line":84,"column":8},"end":{"line":84,"column":8}},{"start":{"line":84,"column":8},"end":{"line":84,"column":8}}]},"9":{"line":147,"type":"if","locations":[{"start":{"line":147,"column":8},"end":{"line":147,"column":8}},{"start":{"line":147,"column":8},"end":{"line":147,"column":8}}]},"10":{"line":149,"type":"if","locations":[{"start":{"line":149,"column":12},"end":{"line":149,"column":12}},{"start":{"line":149,"column":12},"end":{"line":149,"column":12}}]},"11":{"line":150,"type":"if","locations":[{"start":{"line":150,"column":12},"end":{"line":150,"column":12}},{"start":{"line":150,"column":12},"end":{"line":150,"column":12}}]},"12":{"line":151,"type":"if","locations":[{"start":{"line":151,"column":12},"end":{"line":151,"column":12}},{"start":{"line":151,"column":12},"end":{"line":151,"column":12}}]},"13":{"line":168,"type":"if","locations":[{"start":{"line":168,"column":8},"end":{"line":168,"column":8}},{"start":{"line":168,"column":8},"end":{"line":168,"column":8}}]},"14":{"line":173,"type":"if","locations":[{"start":{"line":173,"column":8},"end":{"line":173,"column":8}},{"start":{"line":173,"column":8},"end":{"line":173,"column":8}}]},"15":{"line":174,"type":"if","locations":[{"start":{"line":174,"column":8},"end":{"line":174,"column":8}},{"start":{"line":174,"column":8},"end":{"line":174,"column":8}}]},"16":{"line":181,"type":"if","locations":[{"start":{"line":181,"column":8},"end":{"line":181,"column":8}},{"start":{"line":181,"column":8},"end":{"line":181,"column":8}}]},"17":{"line":201,"type":"if","locations":[{"start":{"line":201,"column":8},"end":{"line":201,"column":8}},{"start":{"line":201,"column":8},"end":{"line":201,"column":8}}]},"18":{"line":206,"type":"if","locations":[{"start":{"line":206,"column":8},"end":{"line":206,"column":8}},{"start":{"line":206,"column":8},"end":{"line":206,"column":8}}]}}},"contracts/tokens/UDAO.sol":{"l":{"9":213},"path":"/Users/mac-chan/udao-contracts/contracts/tokens/UDAO.sol","s":{"1":213},"b":{},"f":{"1":213},"fnMap":{"1":{"name":"constructor","line":8,"loc":{"start":{"line":8,"column":4},"end":{"line":10,"column":4}}}},"statementMap":{"1":{"start":{"line":9,"column":8},"end":{"line":9,"column":54}}},"branchMap":{}},"contracts/tokens/UDAOC.sol":{"l":{"40":213,"41":213,"86":1,"90":1,"100":142,"101":0,"107":142,"108":142,"110":142,"119":28,"120":28,"125":28,"130":28,"132":28,"133":28,"135":28,"137":28,"139":28,"145":28,"147":28,"148":28,"149":28,"150":28,"152":28,"153":28,"155":28,"163":28,"174":4,"175":4,"180":4,"185":3,"187":3,"188":3,"190":3,"192":2,"194":1,"195":0,"202":1,"204":1,"206":1,"207":0,"213":1,"225":13,"232":0,"237":16,"245":0,"249":0,"261":33,"262":33,"263":33,"264":33,"266":32,"267":4,"268":2,"277":0,"278":0,"279":0,"281":0,"287":19,"295":32,"318":32,"319":32,"322":32,"331":32,"332":32,"337":0,"338":0,"343":0,"344":0,"352":1,"358":1},"path":"/Users/mac-chan/udao-contracts/contracts/tokens/UDAOC.sol","s":{"1":213,"2":1,"3":142,"4":0,"5":142,"6":28,"7":28,"8":28,"9":28,"10":28,"11":28,"12":28,"13":28,"14":28,"15":28,"16":28,"17":28,"18":28,"19":28,"20":28,"21":28,"22":4,"23":4,"24":4,"25":3,"26":3,"27":3,"28":3,"29":2,"30":1,"31":0,"32":1,"33":1,"34":0,"35":1,"36":13,"37":0,"38":16,"39":0,"40":0,"41":33,"42":33,"43":33,"44":33,"45":32,"46":4,"47":2,"48":0,"49":0,"50":0,"51":19,"52":32,"53":32,"54":32,"55":32,"56":32,"57":0,"58":0,"59":0,"60":0,"61":1,"62":1},"b":{"1":[1,0],"2":[0,142],"3":[0,0],"4":[0,0],"5":[28,0],"6":[28,0],"7":[28,0],"8":[0,28],"9":[28,0],"10":[28,0],"11":[28,0],"12":[28,0],"13":[28,0],"14":[28,0],"15":[4,0],"16":[4,0],"17":[3,1],"18":[0,3],"19":[3,0],"20":[3,0],"21":[2,1],"22":[1,1],"23":[0,1],"24":[0,0],"25":[0,1],"26":[0,0],"27":[33,0],"28":[33,0],"29":[32,1],"30":[4,28],"31":[2,2],"32":[1,1],"33":[0,0],"34":[0,0]},"f":{"1":213,"2":1,"3":142,"4":28,"5":28,"6":4,"7":13,"8":0,"9":16,"10":0,"11":33,"12":0,"13":19,"14":32,"15":32,"16":32,"17":0,"18":0,"19":1,"20":1},"fnMap":{"1":{"name":"constructor","line":38,"loc":{"start":{"line":34,"column":4},"end":{"line":42,"column":4}}},"2":{"name":"setSellable","line":85,"loc":{"start":{"line":85,"column":4},"end":{"line":91,"column":4}}},"3":{"name":"updateAddresses","line":96,"loc":{"start":{"line":96,"column":4},"end":{"line":111,"column":4}}},"4":{"name":"createContent","line":117,"loc":{"start":{"line":115,"column":4},"end":{"line":156,"column":4}}},"5":{"name":"isCalldataStringEmpty","line":160,"loc":{"start":{"line":160,"column":4},"end":{"line":166,"column":4}}},"6":{"name":"modifyContent","line":172,"loc":{"start":{"line":170,"column":4},"end":{"line":218,"column":4}}},"7":{"name":"getContentParts","line":222,"loc":{"start":{"line":222,"column":4},"end":{"line":226,"column":4}}},"8":{"name":"_getPartNumberOfContent","line":229,"loc":{"start":{"line":229,"column":4},"end":{"line":233,"column":4}}},"9":{"name":"getPartNumberOfContent","line":236,"loc":{"start":{"line":236,"column":4},"end":{"line":238,"column":4}}},"10":{"name":"_burn","line":242,"loc":{"start":{"line":242,"column":4},"end":{"line":250,"column":4}}},"11":{"name":"_beforeTokenTransfer","line":256,"loc":{"start":{"line":256,"column":4},"end":{"line":270,"column":4}}},"12":{"name":"existsBatch","line":274,"loc":{"start":{"line":274,"column":4},"end":{"line":282,"column":4}}},"13":{"name":"exists","line":286,"loc":{"start":{"line":286,"column":4},"end":{"line":288,"column":4}}},"14":{"name":"_hash","line":292,"loc":{"start":{"line":292,"column":4},"end":{"line":312,"column":4}}},"15":{"name":"getChainID","line":317,"loc":{"start":{"line":317,"column":4},"end":{"line":323,"column":4}}},"16":{"name":"_verify","line":328,"loc":{"start":{"line":328,"column":4},"end":{"line":333,"column":4}}},"17":{"name":"pause","line":336,"loc":{"start":{"line":336,"column":4},"end":{"line":339,"column":4}}},"18":{"name":"unpause","line":342,"loc":{"start":{"line":342,"column":4},"end":{"line":345,"column":4}}},"19":{"name":"tokenURI","line":349,"loc":{"start":{"line":349,"column":4},"end":{"line":353,"column":4}}},"20":{"name":"supportsInterface","line":355,"loc":{"start":{"line":355,"column":4},"end":{"line":359,"column":4}}}},"statementMap":{"1":{"start":{"line":41,"column":8},"end":{"line":41,"column":28}},"2":{"start":{"line":86,"column":8},"end":{"line":86,"column":3307}},"3":{"start":{"line":100,"column":8},"end":{"line":100,"column":3819}},"4":{"start":{"line":101,"column":12},"end":{"line":101,"column":3873}},"5":{"start":{"line":110,"column":8},"end":{"line":110,"column":69}},"6":{"start":{"line":119,"column":8},"end":{"line":119,"column":41}},"7":{"start":{"line":120,"column":8},"end":{"line":120,"column":4635}},"8":{"start":{"line":125,"column":8},"end":{"line":125,"column":4857}},"9":{"start":{"line":130,"column":8},"end":{"line":130,"column":77}},"10":{"start":{"line":132,"column":8},"end":{"line":132,"column":73}},"11":{"start":{"line":133,"column":8},"end":{"line":133,"column":42}},"12":{"start":{"line":135,"column":8},"end":{"line":135,"column":67}},"13":{"start":{"line":137,"column":8},"end":{"line":137,"column":73}},"14":{"start":{"line":139,"column":8},"end":{"line":139,"column":5536}},"15":{"start":{"line":147,"column":8},"end":{"line":147,"column":40}},"16":{"start":{"line":148,"column":8},"end":{"line":148,"column":42}},"17":{"start":{"line":149,"column":8},"end":{"line":149,"column":28}},"18":{"start":{"line":152,"column":8},"end":{"line":152,"column":5896}},"19":{"start":{"line":153,"column":12},"end":{"line":153,"column":73}},"20":{"start":{"line":155,"column":8},"end":{"line":155,"column":58}},"21":{"start":{"line":163,"column":8},"end":{"line":163,"column":6316}},"22":{"start":{"line":174,"column":8},"end":{"line":174,"column":41}},"23":{"start":{"line":175,"column":8},"end":{"line":175,"column":6753}},"24":{"start":{"line":180,"column":8},"end":{"line":180,"column":6978}},"25":{"start":{"line":185,"column":8},"end":{"line":185,"column":77}},"26":{"start":{"line":187,"column":8},"end":{"line":187,"column":74}},"27":{"start":{"line":188,"column":8},"end":{"line":188,"column":53}},"28":{"start":{"line":190,"column":8},"end":{"line":190,"column":60}},"29":{"start":{"line":192,"column":8},"end":{"line":192,"column":61}},"30":{"start":{"line":194,"column":8},"end":{"line":194,"column":7721}},"31":{"start":{"line":195,"column":12},"end":{"line":195,"column":7773}},"32":{"start":{"line":204,"column":8},"end":{"line":204,"column":50}},"33":{"start":{"line":206,"column":8},"end":{"line":206,"column":8146}},"34":{"start":{"line":207,"column":12},"end":{"line":207,"column":8198}},"35":{"start":{"line":213,"column":8},"end":{"line":213,"column":8332}},"36":{"start":{"line":225,"column":8},"end":{"line":225,"column":38}},"37":{"start":{"line":232,"column":8},"end":{"line":232,"column":43}},"38":{"start":{"line":237,"column":8},"end":{"line":237,"column":43}},"39":{"start":{"line":245,"column":8},"end":{"line":245,"column":9334}},"40":{"start":{"line":249,"column":8},"end":{"line":249,"column":27}},"41":{"start":{"line":261,"column":8},"end":{"line":261,"column":52}},"42":{"start":{"line":262,"column":8},"end":{"line":262,"column":9885}},"43":{"start":{"line":263,"column":12},"end":{"line":263,"column":61}},"44":{"start":{"line":264,"column":12},"end":{"line":264,"column":62}},"45":{"start":{"line":266,"column":8},"end":{"line":266,"column":10056}},"46":{"start":{"line":267,"column":12},"end":{"line":267,"column":61}},"47":{"start":{"line":268,"column":12},"end":{"line":268,"column":62}},"48":{"start":{"line":277,"column":8},"end":{"line":277,"column":37}},"49":{"start":{"line":278,"column":8},"end":{"line":278,"column":10495}},"50":{"start":{"line":281,"column":8},"end":{"line":281,"column":30}},"51":{"start":{"line":287,"column":8},"end":{"line":287,"column":31}},"52":{"start":{"line":295,"column":8},"end":{"line":295,"column":11123}},"53":{"start":{"line":318,"column":8},"end":{"line":318,"column":18}},"54":{"start":{"line":322,"column":8},"end":{"line":322,"column":17}},"55":{"start":{"line":331,"column":8},"end":{"line":331,"column":39}},"56":{"start":{"line":332,"column":8},"end":{"line":332,"column":55}},"57":{"start":{"line":337,"column":8},"end":{"line":337,"column":75}},"58":{"start":{"line":338,"column":8},"end":{"line":338,"column":15}},"59":{"start":{"line":343,"column":8},"end":{"line":343,"column":77}},"60":{"start":{"line":344,"column":8},"end":{"line":344,"column":17}},"61":{"start":{"line":352,"column":8},"end":{"line":352,"column":38}},"62":{"start":{"line":358,"column":8},"end":{"line":358,"column":51}}},"branchMap":{"1":{"line":86,"type":"if","locations":[{"start":{"line":86,"column":8},"end":{"line":86,"column":8}},{"start":{"line":86,"column":8},"end":{"line":86,"column":8}}]},"2":{"line":100,"type":"if","locations":[{"start":{"line":100,"column":8},"end":{"line":100,"column":8}},{"start":{"line":100,"column":8},"end":{"line":100,"column":8}}]},"3":{"line":101,"type":"if","locations":[{"start":{"line":101,"column":12},"end":{"line":101,"column":12}},{"start":{"line":101,"column":12},"end":{"line":101,"column":12}}]},"4":{"line":102,"type":"cond-expr","locations":[{"start":{"line":102,"column":17},"end":{"line":102,"column":49}},{"start":{"line":103,"column":20},"end":{"line":103,"column":56}}]},"5":{"line":117,"type":"if","locations":[{"start":{"line":117,"column":13},"end":{"line":117,"column":13}},{"start":{"line":117,"column":13},"end":{"line":117,"column":13}}]},"6":{"line":120,"type":"if","locations":[{"start":{"line":120,"column":8},"end":{"line":120,"column":8}},{"start":{"line":120,"column":8},"end":{"line":120,"column":8}}]},"7":{"line":125,"type":"if","locations":[{"start":{"line":125,"column":8},"end":{"line":125,"column":8}},{"start":{"line":125,"column":8},"end":{"line":125,"column":8}}]},"8":{"line":126,"type":"cond-expr","locations":[{"start":{"line":126,"column":12},"end":{"line":126,"column":49}},{"start":{"line":127,"column":16},"end":{"line":127,"column":46}}]},"9":{"line":130,"type":"if","locations":[{"start":{"line":130,"column":8},"end":{"line":130,"column":8}},{"start":{"line":130,"column":8},"end":{"line":130,"column":8}}]},"10":{"line":132,"type":"if","locations":[{"start":{"line":132,"column":8},"end":{"line":132,"column":8}},{"start":{"line":132,"column":8},"end":{"line":132,"column":8}}]},"11":{"line":135,"type":"if","locations":[{"start":{"line":135,"column":8},"end":{"line":135,"column":8}},{"start":{"line":135,"column":8},"end":{"line":135,"column":8}}]},"12":{"line":137,"type":"if","locations":[{"start":{"line":137,"column":8},"end":{"line":137,"column":8}},{"start":{"line":137,"column":8},"end":{"line":137,"column":8}}]},"13":{"line":139,"type":"if","locations":[{"start":{"line":139,"column":8},"end":{"line":139,"column":8}},{"start":{"line":139,"column":8},"end":{"line":139,"column":8}}]},"14":{"line":152,"type":"if","locations":[{"start":{"line":152,"column":8},"end":{"line":152,"column":8}},{"start":{"line":152,"column":8},"end":{"line":152,"column":8}}]},"15":{"line":172,"type":"if","locations":[{"start":{"line":172,"column":15},"end":{"line":172,"column":15}},{"start":{"line":172,"column":15},"end":{"line":172,"column":15}}]},"16":{"line":175,"type":"if","locations":[{"start":{"line":175,"column":8},"end":{"line":175,"column":8}},{"start":{"line":175,"column":8},"end":{"line":175,"column":8}}]},"17":{"line":180,"type":"if","locations":[{"start":{"line":180,"column":8},"end":{"line":180,"column":8}},{"start":{"line":180,"column":8},"end":{"line":180,"column":8}}]},"18":{"line":181,"type":"cond-expr","locations":[{"start":{"line":181,"column":12},"end":{"line":181,"column":49}},{"start":{"line":182,"column":16},"end":{"line":182,"column":53}}]},"19":{"line":185,"type":"if","locations":[{"start":{"line":185,"column":8},"end":{"line":185,"column":8}},{"start":{"line":185,"column":8},"end":{"line":185,"column":8}}]},"20":{"line":187,"type":"if","locations":[{"start":{"line":187,"column":8},"end":{"line":187,"column":8}},{"start":{"line":187,"column":8},"end":{"line":187,"column":8}}]},"21":{"line":190,"type":"if","locations":[{"start":{"line":190,"column":8},"end":{"line":190,"column":8}},{"start":{"line":190,"column":8},"end":{"line":190,"column":8}}]},"22":{"line":192,"type":"if","locations":[{"start":{"line":192,"column":8},"end":{"line":192,"column":8}},{"start":{"line":192,"column":8},"end":{"line":192,"column":8}}]},"23":{"line":194,"type":"if","locations":[{"start":{"line":194,"column":8},"end":{"line":194,"column":8}},{"start":{"line":194,"column":8},"end":{"line":194,"column":8}}]},"24":{"line":195,"type":"if","locations":[{"start":{"line":195,"column":12},"end":{"line":195,"column":12}},{"start":{"line":195,"column":12},"end":{"line":195,"column":12}}]},"25":{"line":206,"type":"if","locations":[{"start":{"line":206,"column":8},"end":{"line":206,"column":8}},{"start":{"line":206,"column":8},"end":{"line":206,"column":8}}]},"26":{"line":245,"type":"if","locations":[{"start":{"line":245,"column":8},"end":{"line":245,"column":8}},{"start":{"line":245,"column":8},"end":{"line":245,"column":8}}]},"27":{"line":262,"type":"if","locations":[{"start":{"line":262,"column":8},"end":{"line":262,"column":8}},{"start":{"line":262,"column":8},"end":{"line":262,"column":8}}]},"28":{"line":263,"type":"if","locations":[{"start":{"line":263,"column":12},"end":{"line":263,"column":12}},{"start":{"line":263,"column":12},"end":{"line":263,"column":12}}]},"29":{"line":264,"type":"if","locations":[{"start":{"line":264,"column":12},"end":{"line":264,"column":12}},{"start":{"line":264,"column":12},"end":{"line":264,"column":12}}]},"30":{"line":266,"type":"if","locations":[{"start":{"line":266,"column":8},"end":{"line":266,"column":8}},{"start":{"line":266,"column":8},"end":{"line":266,"column":8}}]},"31":{"line":267,"type":"if","locations":[{"start":{"line":267,"column":12},"end":{"line":267,"column":12}},{"start":{"line":267,"column":12},"end":{"line":267,"column":12}}]},"32":{"line":268,"type":"if","locations":[{"start":{"line":268,"column":12},"end":{"line":268,"column":12}},{"start":{"line":268,"column":12},"end":{"line":268,"column":12}}]},"33":{"line":337,"type":"if","locations":[{"start":{"line":337,"column":8},"end":{"line":337,"column":8}},{"start":{"line":337,"column":8},"end":{"line":337,"column":8}}]},"34":{"line":343,"type":"if","locations":[{"start":{"line":343,"column":8},"end":{"line":343,"column":8}},{"start":{"line":343,"column":8},"end":{"line":343,"column":8}}]}}},"contracts/treasury/BasePlatform.sol":{"l":{"128":213,"129":213,"130":213,"131":213,"132":213,"133":213,"175":3,"179":3,"180":3,"196":2,"197":1,"203":1,"204":1,"205":1,"206":1,"207":1,"209":1,"225":37,"235":41,"245":40,"252":0,"256":0,"262":3,"263":3,"264":3,"265":3,"267":3,"268":3,"269":3,"270":3,"276":0,"277":0,"278":0,"279":0,"281":0,"282":0,"283":0,"284":0,"292":14,"300":7,"314":0,"320":0,"325":0,"327":0,"328":0,"329":0,"330":0,"332":0,"334":0,"359":0,"365":0,"369":0,"371":0,"372":0,"373":0,"374":0,"376":0,"378":0},"path":"/Users/mac-chan/udao-contracts/contracts/treasury/BasePlatform.sol","s":{"1":3,"2":3,"3":2,"4":1,"5":1,"6":37,"7":41,"8":40,"9":0,"10":3,"11":3,"12":3,"13":3,"14":0,"15":0,"16":0,"17":0,"18":14,"19":7,"20":0,"21":0,"22":0,"23":0,"24":0,"25":0,"26":0,"27":0},"b":{"1":[3,0],"2":[1,1],"3":[0,1],"4":[0,0],"5":[0,0],"6":[0,0],"7":[0,0],"8":[0,0],"9":[0,0],"10":[0,0],"11":[0,0],"12":[0,0],"13":[0,0]},"f":{"1":213,"2":3,"3":2,"4":37,"5":41,"6":40,"7":0,"8":3,"9":0,"10":14,"11":7,"12":0,"13":0},"fnMap":{"1":{"name":"constructor","line":121,"loc":{"start":{"line":121,"column":4},"end":{"line":134,"column":4}}},"2":{"name":"setFoundationAddress","line":174,"loc":{"start":{"line":174,"column":4},"end":{"line":181,"column":4}}},"3":{"name":"updateAddresses","line":189,"loc":{"start":{"line":189,"column":4},"end":{"line":216,"column":4}}},"4":{"name":"hasRole","line":221,"loc":{"start":{"line":221,"column":4},"end":{"line":226,"column":4}}},"5":{"name":"isNotBanned","line":231,"loc":{"start":{"line":231,"column":4},"end":{"line":236,"column":4}}},"6":{"name":"isKYCed","line":241,"loc":{"start":{"line":241,"column":4},"end":{"line":246,"column":4}}},"7":{"name":"activateGovernanceTreasury","line":251,"loc":{"start":{"line":251,"column":4},"end":{"line":257,"column":4}}},"8":{"name":"_distributeContentCutShares","line":261,"loc":{"start":{"line":261,"column":4},"end":{"line":271,"column":4}}},"9":{"name":"_distributeCoachingCutShares","line":275,"loc":{"start":{"line":275,"column":4},"end":{"line":285,"column":4}}},"10":{"name":"calculateContentSaleTotalCut","line":289,"loc":{"start":{"line":289,"column":4},"end":{"line":293,"column":4}}},"11":{"name":"calculateCoachingSaleTotalCut","line":297,"loc":{"start":{"line":297,"column":4},"end":{"line":301,"column":4}}},"12":{"name":"setCoachCuts","line":308,"loc":{"start":{"line":308,"column":4},"end":{"line":346,"column":4}}},"13":{"name":"setContentCuts","line":353,"loc":{"start":{"line":353,"column":4},"end":{"line":390,"column":4}}}},"statementMap":{"1":{"start":{"line":175,"column":8},"end":{"line":175,"column":8603}},"2":{"start":{"line":180,"column":8},"end":{"line":180,"column":49}},"3":{"start":{"line":196,"column":8},"end":{"line":196,"column":9497}},"4":{"start":{"line":197,"column":12},"end":{"line":197,"column":9551}},"5":{"start":{"line":209,"column":8},"end":{"line":209,"column":10053}},"6":{"start":{"line":225,"column":8},"end":{"line":225,"column":53}},"7":{"start":{"line":235,"column":8},"end":{"line":235,"column":63}},"8":{"start":{"line":245,"column":8},"end":{"line":245,"column":61}},"9":{"start":{"line":252,"column":8},"end":{"line":252,"column":11562}},"10":{"start":{"line":262,"column":8},"end":{"line":262,"column":77}},"11":{"start":{"line":263,"column":8},"end":{"line":263,"column":77}},"12":{"start":{"line":264,"column":8},"end":{"line":264,"column":77}},"13":{"start":{"line":265,"column":8},"end":{"line":265,"column":78}},"14":{"start":{"line":276,"column":8},"end":{"line":276,"column":73}},"15":{"start":{"line":277,"column":8},"end":{"line":277,"column":73}},"16":{"start":{"line":278,"column":8},"end":{"line":278,"column":73}},"17":{"start":{"line":279,"column":8},"end":{"line":279,"column":78}},"18":{"start":{"line":292,"column":8},"end":{"line":292,"column":54}},"19":{"start":{"line":300,"column":8},"end":{"line":300,"column":52}},"20":{"start":{"line":314,"column":8},"end":{"line":314,"column":14345}},"21":{"start":{"line":320,"column":8},"end":{"line":320,"column":14597}},"22":{"start":{"line":325,"column":8},"end":{"line":325,"column":66}},"23":{"start":{"line":334,"column":8},"end":{"line":334,"column":14974}},"24":{"start":{"line":359,"column":8},"end":{"line":359,"column":15799}},"25":{"start":{"line":365,"column":8},"end":{"line":365,"column":16055}},"26":{"start":{"line":369,"column":8},"end":{"line":369,"column":66}},"27":{"start":{"line":378,"column":8},"end":{"line":378,"column":16455}}},"branchMap":{"1":{"line":175,"type":"if","locations":[{"start":{"line":175,"column":8},"end":{"line":175,"column":8}},{"start":{"line":175,"column":8},"end":{"line":175,"column":8}}]},"2":{"line":196,"type":"if","locations":[{"start":{"line":196,"column":8},"end":{"line":196,"column":8}},{"start":{"line":196,"column":8},"end":{"line":196,"column":8}}]},"3":{"line":197,"type":"if","locations":[{"start":{"line":197,"column":12},"end":{"line":197,"column":12}},{"start":{"line":197,"column":12},"end":{"line":197,"column":12}}]},"4":{"line":198,"type":"cond-expr","locations":[{"start":{"line":198,"column":17},"end":{"line":198,"column":49}},{"start":{"line":199,"column":20},"end":{"line":199,"column":56}}]},"5":{"line":252,"type":"if","locations":[{"start":{"line":252,"column":8},"end":{"line":252,"column":8}},{"start":{"line":252,"column":8},"end":{"line":252,"column":8}}]},"6":{"line":314,"type":"if","locations":[{"start":{"line":314,"column":8},"end":{"line":314,"column":8}},{"start":{"line":314,"column":8},"end":{"line":314,"column":8}}]},"7":{"line":315,"type":"cond-expr","locations":[{"start":{"line":315,"column":13},"end":{"line":315,"column":45}},{"start":{"line":316,"column":16},"end":{"line":316,"column":51}}]},"8":{"line":315,"type":"cond-expr","locations":[{"start":{"line":315,"column":13},"end":{"line":316,"column":51}},{"start":{"line":317,"column":16},"end":{"line":317,"column":51}}]},"9":{"line":325,"type":"if","locations":[{"start":{"line":325,"column":8},"end":{"line":325,"column":8}},{"start":{"line":325,"column":8},"end":{"line":325,"column":8}}]},"10":{"line":359,"type":"if","locations":[{"start":{"line":359,"column":8},"end":{"line":359,"column":8}},{"start":{"line":359,"column":8},"end":{"line":359,"column":8}}]},"11":{"line":360,"type":"cond-expr","locations":[{"start":{"line":360,"column":13},"end":{"line":360,"column":45}},{"start":{"line":361,"column":16},"end":{"line":361,"column":51}}]},"12":{"line":360,"type":"cond-expr","locations":[{"start":{"line":360,"column":13},"end":{"line":361,"column":51}},{"start":{"line":362,"column":16},"end":{"line":362,"column":51}}]},"13":{"line":369,"type":"if","locations":[{"start":{"line":369,"column":8},"end":{"line":369,"column":8}},{"start":{"line":369,"column":8},"end":{"line":369,"column":8}}]}}},"contracts/treasury/ContentManager.sol":{"l":{"137":9,"138":9,"139":9,"140":9,"142":9,"143":9,"147":9,"151":9,"152":0,"153":0,"154":0,"155":0,"157":9,"158":9,"161":9,"162":9,"163":8,"164":8,"166":7,"169":7,"170":0,"172":7,"176":7,"182":7,"188":7,"191":7,"194":7,"197":7,"204":7,"212":7,"213":7,"225":7,"227":7,"236":21,"238":21,"240":21,"242":21,"244":21,"246":21,"249":21,"251":21,"252":0,"254":21,"255":21,"259":20,"261":20,"262":20,"267":20,"272":14,"274":14,"277":14,"278":0,"282":0,"284":14,"287":14,"291":14,"297":14,"303":14,"304":14,"305":14,"317":14,"337":14,"340":14,"343":14,"345":14,"348":14,"355":14,"363":14,"364":14,"365":14,"366":13,"368":14,"372":14,"373":5,"374":5,"377":5,"379":9,"380":17,"381":17,"383":17,"384":9,"386":17,"388":9,"392":14,"393":14,"406":14,"421":20,"422":17,"424":3,"428":2,"434":19,"435":18,"436":17,"440":16,"442":16,"443":37,"444":36,"445":22,"450":36,"456":14,"466":9,"481":24,"482":24,"484":24,"486":24,"489":3,"491":3,"493":0,"496":3,"500":3,"504":3,"506":3,"507":3,"508":3,"509":3,"512":3,"513":3,"516":3,"518":3,"519":3,"521":3,"522":0,"526":24,"527":24,"529":24,"530":17,"532":24,"533":7,"549":22,"551":22,"554":18,"555":0,"556":0,"559":18,"561":18,"563":18,"566":22,"568":22,"571":1,"573":1,"575":0,"578":1,"582":1,"586":1,"588":1,"589":1,"592":1,"595":1,"597":1,"598":1,"602":22,"604":22,"605":22,"612":24,"614":3,"616":3,"617":3,"618":3,"621":3,"622":3,"631":24,"633":0,"635":0,"636":0,"637":0,"640":0,"641":0,"650":24,"651":0,"653":0,"654":0,"655":0,"657":0,"662":0,"663":0,"666":0,"667":0,"668":0,"670":0,"675":0,"678":0,"681":0,"682":0,"683":0,"685":0,"690":0,"693":0,"697":0,"698":0,"713":4,"715":4,"719":3,"720":2,"725":0,"728":2,"729":2,"732":2,"733":2,"736":2,"740":2,"749":2,"750":2,"752":2,"757":1,"758":1,"761":1,"762":1,"765":1,"769":1,"778":0,"779":0,"781":0,"786":0,"787":0,"790":0,"791":0,"793":0,"798":0,"799":0,"805":0,"806":0,"810":0,"816":0,"820":0,"824":0,"825":0,"828":0,"833":0,"834":0,"837":0,"841":0,"848":0,"849":0,"852":0},"path":"/Users/mac-chan/udao-contracts/contracts/treasury/ContentManager.sol","s":{"1":9,"2":9,"3":9,"4":9,"5":9,"6":9,"7":9,"8":9,"9":0,"10":0,"11":9,"12":9,"13":9,"14":8,"15":8,"16":7,"17":7,"18":7,"19":7,"20":7,"21":7,"22":7,"23":7,"24":7,"25":7,"26":7,"27":21,"28":21,"29":21,"30":21,"31":21,"32":21,"33":21,"34":21,"35":21,"36":21,"37":20,"38":20,"39":20,"40":14,"41":0,"42":14,"43":14,"44":14,"45":14,"46":14,"47":14,"48":14,"49":14,"50":14,"51":14,"52":14,"53":14,"54":14,"55":14,"56":14,"57":14,"58":9,"59":17,"60":17,"61":17,"62":14,"63":14,"64":20,"65":3,"66":2,"67":19,"68":18,"69":17,"70":16,"71":16,"72":37,"73":36,"74":22,"75":36,"76":14,"77":9,"78":24,"79":24,"80":24,"81":24,"82":3,"83":3,"84":3,"85":3,"86":3,"87":3,"88":3,"89":0,"90":24,"91":17,"92":24,"93":7,"94":22,"95":22,"96":18,"97":22,"98":22,"99":1,"100":1,"101":1,"102":1,"103":1,"104":1,"105":22,"106":22,"107":24,"108":3,"109":3,"110":3,"111":3,"112":24,"113":0,"114":0,"115":0,"116":0,"117":24,"118":0,"119":0,"120":0,"121":0,"122":0,"123":0,"124":0,"125":0,"126":0,"127":0,"128":0,"129":0,"130":0,"131":0,"132":0,"133":4,"134":4,"135":3,"136":2,"137":1,"138":0,"139":2,"140":2,"141":2,"142":2,"143":2,"144":2,"145":1,"146":1,"147":1,"148":0,"149":0,"150":0,"151":0,"152":0,"153":0,"154":0,"155":0,"156":0,"157":0,"158":0,"159":0,"160":0,"161":0},"b":{"1":[9,0],"2":[9,0],"3":[9,0],"4":[0,9],"5":[0,0],"6":[0,0],"7":[9,0],"8":[9,0],"9":[8,1],"10":[8,0],"11":[7,1],"12":[0,7],"13":[7,0],"14":[7,0],"15":[21,0],"16":[0,21],"17":[21,0],"18":[20,1],"19":[20,0],"20":[0,14],"21":[0,0],"22":[14,0],"23":[14,0],"24":[14,0],"25":[13,1],"26":[5,9],"27":[9,8],"28":[17,3],"29":[2,1],"30":[2,0],"31":[18,1],"32":[17,1],"33":[16,1],"34":[36,1],"35":[22,14],"36":[22,0],"37":[35,1],"38":[3,21],"39":[0,3],"40":[3,0],"41":[0,3],"42":[17,7],"43":[14,3],"44":[7,17],"45":[7,0],"46":[18,4],"47":[1,21],"48":[0,1],"49":[1,0],"50":[22,0],"51":[21,1],"52":[3,21],"53":[0,24],"54":[0,24],"55":[0,0],"56":[0,0],"57":[0,0],"58":[0,0],"59":[4,0],"60":[3,1],"61":[2,1],"62":[1,1],"63":[0,1],"64":[2,0],"65":[2,0],"66":[1,1],"67":[1,0],"68":[0,0],"69":[0,0],"70":[0,0],"71":[0,0],"72":[0,0],"73":[0,0],"74":[0,0]},"f":{"1":9,"2":21,"3":14,"4":20,"5":9,"6":24,"7":22,"8":24,"9":4,"10":2,"11":0,"12":0},"fnMap":{"1":{"name":"buyCoaching","line":136,"loc":{"start":{"line":134,"column":4},"end":{"line":228,"column":4}}},"2":{"name":"buyContentWithDiscount","line":234,"loc":{"start":{"line":232,"column":4},"end":{"line":318,"column":4}}},"3":{"name":"_buyContentwithUDAO","line":328,"loc":{"start":{"line":328,"column":4},"end":{"line":407,"column":4}}},"4":{"name":"_checkPartReceiver","line":415,"loc":{"start":{"line":415,"column":4},"end":{"line":457,"column":4}}},"5":{"name":"getOwnedParts","line":462,"loc":{"start":{"line":462,"column":4},"end":{"line":467,"column":4}}},"6":{"name":"_updatePlatformCutBalances","line":474,"loc":{"start":{"line":474,"column":4},"end":{"line":535,"column":4}}},"7":{"name":"_updateInstructorBalances","line":542,"loc":{"start":{"line":542,"column":4},"end":{"line":607,"column":4}}},"8":{"name":"_transferPlatformCutstoGovernance","line":610,"loc":{"start":{"line":610,"column":4},"end":{"line":706,"column":4}}},"9":{"name":"refundCoachingByInstructorOrLearner","line":712,"loc":{"start":{"line":710,"column":4},"end":{"line":741,"column":4}}},"10":{"name":"newRefundCoaching","line":747,"loc":{"start":{"line":745,"column":4},"end":{"line":770,"column":4}}},"11":{"name":"newRefundContent","line":776,"loc":{"start":{"line":774,"column":4},"end":{"line":842,"column":4}}},"12":{"name":"getChainID","line":847,"loc":{"start":{"line":847,"column":4},"end":{"line":853,"column":4}}}},"statementMap":{"1":{"start":{"line":137,"column":8},"end":{"line":137,"column":24}},"2":{"start":{"line":138,"column":8},"end":{"line":138,"column":26}},"3":{"start":{"line":139,"column":8},"end":{"line":139,"column":23}},"4":{"start":{"line":140,"column":8},"end":{"line":140,"column":27}},"5":{"start":{"line":142,"column":8},"end":{"line":142,"column":53}},"6":{"start":{"line":143,"column":8},"end":{"line":143,"column":7456}},"7":{"start":{"line":147,"column":8},"end":{"line":147,"column":7608}},"8":{"start":{"line":151,"column":8},"end":{"line":151,"column":7760}},"9":{"start":{"line":154,"column":12},"end":{"line":154,"column":67}},"10":{"start":{"line":155,"column":12},"end":{"line":155,"column":66}},"11":{"start":{"line":157,"column":12},"end":{"line":157,"column":77}},"12":{"start":{"line":161,"column":8},"end":{"line":161,"column":60}},"13":{"start":{"line":162,"column":8},"end":{"line":162,"column":61}},"14":{"start":{"line":163,"column":8},"end":{"line":163,"column":64}},"15":{"start":{"line":164,"column":8},"end":{"line":164,"column":65}},"16":{"start":{"line":169,"column":8},"end":{"line":169,"column":8634}},"17":{"start":{"line":176,"column":8},"end":{"line":176,"column":8847}},"18":{"start":{"line":182,"column":8},"end":{"line":182,"column":9061}},"19":{"start":{"line":188,"column":8},"end":{"line":188,"column":74}},"20":{"start":{"line":191,"column":8},"end":{"line":191,"column":59}},"21":{"start":{"line":194,"column":8},"end":{"line":194,"column":67}},"22":{"start":{"line":197,"column":8},"end":{"line":197,"column":9750}},"23":{"start":{"line":204,"column":8},"end":{"line":204,"column":10089}},"24":{"start":{"line":212,"column":8},"end":{"line":212,"column":33}},"25":{"start":{"line":225,"column":8},"end":{"line":225,"column":42}},"26":{"start":{"line":227,"column":8},"end":{"line":227,"column":57}},"27":{"start":{"line":236,"column":8},"end":{"line":236,"column":50}},"28":{"start":{"line":238,"column":8},"end":{"line":238,"column":74}},"29":{"start":{"line":240,"column":8},"end":{"line":240,"column":66}},"30":{"start":{"line":242,"column":8},"end":{"line":242,"column":64}},"31":{"start":{"line":244,"column":8},"end":{"line":244,"column":66}},"32":{"start":{"line":246,"column":8},"end":{"line":246,"column":33}},"33":{"start":{"line":249,"column":8},"end":{"line":249,"column":27}},"34":{"start":{"line":251,"column":8},"end":{"line":251,"column":12302}},"35":{"start":{"line":254,"column":12},"end":{"line":254,"column":64}},"36":{"start":{"line":255,"column":12},"end":{"line":255,"column":65}},"37":{"start":{"line":259,"column":8},"end":{"line":259,"column":12588}},"38":{"start":{"line":261,"column":12},"end":{"line":261,"column":61}},"39":{"start":{"line":262,"column":12},"end":{"line":262,"column":12786}},"40":{"start":{"line":277,"column":12},"end":{"line":277,"column":13370}},"41":{"start":{"line":278,"column":16},"end":{"line":278,"column":13412}},"42":{"start":{"line":291,"column":8},"end":{"line":291,"column":13834}},"43":{"start":{"line":297,"column":8},"end":{"line":297,"column":14044}},"44":{"start":{"line":303,"column":8},"end":{"line":303,"column":29}},"45":{"start":{"line":304,"column":8},"end":{"line":304,"column":14286}},"46":{"start":{"line":305,"column":12},"end":{"line":305,"column":14347}},"47":{"start":{"line":317,"column":8},"end":{"line":317,"column":42}},"48":{"start":{"line":337,"column":8},"end":{"line":337,"column":51}},"49":{"start":{"line":340,"column":8},"end":{"line":340,"column":74}},"50":{"start":{"line":343,"column":8},"end":{"line":343,"column":59}},"51":{"start":{"line":345,"column":8},"end":{"line":345,"column":67}},"52":{"start":{"line":348,"column":8},"end":{"line":348,"column":16350}},"53":{"start":{"line":355,"column":8},"end":{"line":355,"column":16690}},"54":{"start":{"line":363,"column":8},"end":{"line":363,"column":16883}},"55":{"start":{"line":365,"column":12},"end":{"line":365,"column":17019}},"56":{"start":{"line":368,"column":12},"end":{"line":368,"column":55}},"57":{"start":{"line":372,"column":8},"end":{"line":372,"column":17263}},"58":{"start":{"line":379,"column":12},"end":{"line":379,"column":17561}},"59":{"start":{"line":380,"column":16},"end":{"line":380,"column":45}},"60":{"start":{"line":383,"column":16},"end":{"line":383,"column":17852}},"61":{"start":{"line":386,"column":16},"end":{"line":386,"column":62}},"62":{"start":{"line":392,"column":8},"end":{"line":392,"column":32}},"63":{"start":{"line":406,"column":8},"end":{"line":406,"column":68}},"64":{"start":{"line":421,"column":8},"end":{"line":421,"column":19675}},"65":{"start":{"line":424,"column":12},"end":{"line":424,"column":19789}},"66":{"start":{"line":428,"column":12},"end":{"line":428,"column":19918}},"67":{"start":{"line":434,"column":8},"end":{"line":434,"column":68}},"68":{"start":{"line":435,"column":8},"end":{"line":435,"column":66}},"69":{"start":{"line":436,"column":8},"end":{"line":436,"column":20189}},"70":{"start":{"line":440,"column":8},"end":{"line":440,"column":61}},"71":{"start":{"line":442,"column":8},"end":{"line":442,"column":20398}},"72":{"start":{"line":443,"column":12},"end":{"line":443,"column":72}},"73":{"start":{"line":444,"column":12},"end":{"line":444,"column":20540}},"74":{"start":{"line":445,"column":16},"end":{"line":445,"column":20598}},"75":{"start":{"line":450,"column":12},"end":{"line":450,"column":20775}},"76":{"start":{"line":456,"column":8},"end":{"line":456,"column":31}},"77":{"start":{"line":466,"column":8},"end":{"line":466,"column":43}},"78":{"start":{"line":481,"column":8},"end":{"line":481,"column":33}},"79":{"start":{"line":482,"column":8},"end":{"line":482,"column":34}},"80":{"start":{"line":484,"column":8},"end":{"line":484,"column":71}},"81":{"start":{"line":486,"column":8},"end":{"line":486,"column":22592}},"82":{"start":{"line":489,"column":12},"end":{"line":489,"column":40}},"83":{"start":{"line":491,"column":12},"end":{"line":491,"column":23012}},"84":{"start":{"line":500,"column":12},"end":{"line":500,"column":23692}},"85":{"start":{"line":504,"column":16},"end":{"line":504,"column":24146}},"86":{"start":{"line":518,"column":12},"end":{"line":518,"column":25018}},"87":{"start":{"line":519,"column":16},"end":{"line":519,"column":58}},"88":{"start":{"line":521,"column":12},"end":{"line":521,"column":25134}},"89":{"start":{"line":522,"column":16},"end":{"line":522,"column":60}},"90":{"start":{"line":529,"column":8},"end":{"line":529,"column":25466}},"91":{"start":{"line":530,"column":12},"end":{"line":530,"column":46}},"92":{"start":{"line":532,"column":8},"end":{"line":532,"column":25595}},"93":{"start":{"line":533,"column":12},"end":{"line":533,"column":47}},"94":{"start":{"line":549,"column":8},"end":{"line":549,"column":33}},"95":{"start":{"line":551,"column":8},"end":{"line":551,"column":26621}},"96":{"start":{"line":554,"column":12},"end":{"line":554,"column":26919}},"97":{"start":{"line":566,"column":8},"end":{"line":566,"column":70}},"98":{"start":{"line":568,"column":8},"end":{"line":568,"column":27905}},"99":{"start":{"line":571,"column":12},"end":{"line":571,"column":36}},"100":{"start":{"line":573,"column":12},"end":{"line":573,"column":28331}},"101":{"start":{"line":582,"column":12},"end":{"line":582,"column":28989}},"102":{"start":{"line":586,"column":16},"end":{"line":586,"column":29437}},"103":{"start":{"line":597,"column":12},"end":{"line":597,"column":30148}},"104":{"start":{"line":598,"column":16},"end":{"line":598,"column":72}},"105":{"start":{"line":604,"column":8},"end":{"line":604,"column":30412}},"106":{"start":{"line":605,"column":12},"end":{"line":605,"column":54}},"107":{"start":{"line":612,"column":8},"end":{"line":612,"column":30923}},"108":{"start":{"line":614,"column":12},"end":{"line":614,"column":31105}},"109":{"start":{"line":618,"column":12},"end":{"line":618,"column":54}},"110":{"start":{"line":621,"column":12},"end":{"line":621,"column":62}},"111":{"start":{"line":622,"column":12},"end":{"line":622,"column":31449}},"112":{"start":{"line":631,"column":8},"end":{"line":631,"column":31827}},"113":{"start":{"line":633,"column":12},"end":{"line":633,"column":32013}},"114":{"start":{"line":637,"column":12},"end":{"line":637,"column":56}},"115":{"start":{"line":640,"column":12},"end":{"line":640,"column":64}},"116":{"start":{"line":641,"column":12},"end":{"line":641,"column":32366}},"117":{"start":{"line":650,"column":8},"end":{"line":650,"column":32668}},"118":{"start":{"line":651,"column":12},"end":{"line":651,"column":32}},"119":{"start":{"line":653,"column":12},"end":{"line":653,"column":32864}},"120":{"start":{"line":654,"column":16},"end":{"line":654,"column":59}},"121":{"start":{"line":657,"column":16},"end":{"line":657,"column":33096}},"122":{"start":{"line":662,"column":16},"end":{"line":662,"column":77}},"123":{"start":{"line":666,"column":12},"end":{"line":666,"column":33566}},"124":{"start":{"line":667,"column":16},"end":{"line":667,"column":68}},"125":{"start":{"line":670,"column":16},"end":{"line":670,"column":33822}},"126":{"start":{"line":675,"column":16},"end":{"line":675,"column":34061}},"127":{"start":{"line":681,"column":12},"end":{"line":681,"column":34347}},"128":{"start":{"line":682,"column":16},"end":{"line":682,"column":69}},"129":{"start":{"line":685,"column":16},"end":{"line":685,"column":34604}},"130":{"start":{"line":690,"column":16},"end":{"line":690,"column":34844}},"131":{"start":{"line":697,"column":12},"end":{"line":697,"column":35081}},"132":{"start":{"line":698,"column":16},"end":{"line":698,"column":35125}},"133":{"start":{"line":713,"column":8},"end":{"line":713,"column":69}},"134":{"start":{"line":715,"column":8},"end":{"line":715,"column":35809}},"135":{"start":{"line":719,"column":8},"end":{"line":719,"column":35956}},"136":{"start":{"line":720,"column":12},"end":{"line":720,"column":36010}},"137":{"start":{"line":724,"column":15},"end":{"line":724,"column":36187}},"138":{"start":{"line":725,"column":12},"end":{"line":725,"column":51}},"139":{"start":{"line":728,"column":8},"end":{"line":728,"column":67}},"140":{"start":{"line":736,"column":8},"end":{"line":736,"column":36781}},"141":{"start":{"line":740,"column":8},"end":{"line":740,"column":45}},"142":{"start":{"line":749,"column":8},"end":{"line":749,"column":51}},"143":{"start":{"line":750,"column":8},"end":{"line":750,"column":68}},"144":{"start":{"line":752,"column":8},"end":{"line":752,"column":37491}},"145":{"start":{"line":757,"column":8},"end":{"line":757,"column":67}},"146":{"start":{"line":765,"column":8},"end":{"line":765,"column":38121}},"147":{"start":{"line":769,"column":8},"end":{"line":769,"column":44}},"148":{"start":{"line":778,"column":8},"end":{"line":778,"column":51}},"149":{"start":{"line":779,"column":8},"end":{"line":779,"column":69}},"150":{"start":{"line":781,"column":8},"end":{"line":781,"column":38828}},"151":{"start":{"line":786,"column":8},"end":{"line":786,"column":67}},"152":{"start":{"line":790,"column":8},"end":{"line":790,"column":39229}},"153":{"start":{"line":791,"column":12},"end":{"line":791,"column":55}},"154":{"start":{"line":798,"column":8},"end":{"line":798,"column":39660}},"155":{"start":{"line":805,"column":8},"end":{"line":805,"column":39969}},"156":{"start":{"line":816,"column":8},"end":{"line":816,"column":40570}},"157":{"start":{"line":824,"column":12},"end":{"line":824,"column":40958}},"158":{"start":{"line":837,"column":8},"end":{"line":837,"column":41539}},"159":{"start":{"line":841,"column":8},"end":{"line":841,"column":44}},"160":{"start":{"line":848,"column":8},"end":{"line":848,"column":18}},"161":{"start":{"line":852,"column":8},"end":{"line":852,"column":17}}},"branchMap":{"1":{"line":136,"type":"if","locations":[{"start":{"line":136,"column":15},"end":{"line":136,"column":15}},{"start":{"line":136,"column":15},"end":{"line":136,"column":15}}]},"2":{"line":143,"type":"if","locations":[{"start":{"line":143,"column":8},"end":{"line":143,"column":8}},{"start":{"line":143,"column":8},"end":{"line":143,"column":8}}]},"3":{"line":147,"type":"if","locations":[{"start":{"line":147,"column":8},"end":{"line":147,"column":8}},{"start":{"line":147,"column":8},"end":{"line":147,"column":8}}]},"4":{"line":151,"type":"if","locations":[{"start":{"line":151,"column":8},"end":{"line":151,"column":8}},{"start":{"line":151,"column":8},"end":{"line":151,"column":8}}]},"5":{"line":154,"type":"if","locations":[{"start":{"line":154,"column":12},"end":{"line":154,"column":12}},{"start":{"line":154,"column":12},"end":{"line":154,"column":12}}]},"6":{"line":155,"type":"if","locations":[{"start":{"line":155,"column":12},"end":{"line":155,"column":12}},{"start":{"line":155,"column":12},"end":{"line":155,"column":12}}]},"7":{"line":157,"type":"if","locations":[{"start":{"line":157,"column":12},"end":{"line":157,"column":12}},{"start":{"line":157,"column":12},"end":{"line":157,"column":12}}]},"8":{"line":161,"type":"if","locations":[{"start":{"line":161,"column":8},"end":{"line":161,"column":8}},{"start":{"line":161,"column":8},"end":{"line":161,"column":8}}]},"9":{"line":162,"type":"if","locations":[{"start":{"line":162,"column":8},"end":{"line":162,"column":8}},{"start":{"line":162,"column":8},"end":{"line":162,"column":8}}]},"10":{"line":163,"type":"if","locations":[{"start":{"line":163,"column":8},"end":{"line":163,"column":8}},{"start":{"line":163,"column":8},"end":{"line":163,"column":8}}]},"11":{"line":164,"type":"if","locations":[{"start":{"line":164,"column":8},"end":{"line":164,"column":8}},{"start":{"line":164,"column":8},"end":{"line":164,"column":8}}]},"12":{"line":169,"type":"if","locations":[{"start":{"line":169,"column":8},"end":{"line":169,"column":8}},{"start":{"line":169,"column":8},"end":{"line":169,"column":8}}]},"13":{"line":176,"type":"if","locations":[{"start":{"line":176,"column":8},"end":{"line":176,"column":8}},{"start":{"line":176,"column":8},"end":{"line":176,"column":8}}]},"14":{"line":182,"type":"if","locations":[{"start":{"line":182,"column":8},"end":{"line":182,"column":8}},{"start":{"line":182,"column":8},"end":{"line":182,"column":8}}]},"15":{"line":234,"type":"if","locations":[{"start":{"line":234,"column":15},"end":{"line":234,"column":15}},{"start":{"line":234,"column":15},"end":{"line":234,"column":15}}]},"16":{"line":251,"type":"if","locations":[{"start":{"line":251,"column":8},"end":{"line":251,"column":8}},{"start":{"line":251,"column":8},"end":{"line":251,"column":8}}]},"17":{"line":254,"type":"if","locations":[{"start":{"line":254,"column":12},"end":{"line":254,"column":12}},{"start":{"line":254,"column":12},"end":{"line":254,"column":12}}]},"18":{"line":255,"type":"if","locations":[{"start":{"line":255,"column":12},"end":{"line":255,"column":12}},{"start":{"line":255,"column":12},"end":{"line":255,"column":12}}]},"19":{"line":262,"type":"if","locations":[{"start":{"line":262,"column":12},"end":{"line":262,"column":12}},{"start":{"line":262,"column":12},"end":{"line":262,"column":12}}]},"20":{"line":277,"type":"if","locations":[{"start":{"line":277,"column":12},"end":{"line":277,"column":12}},{"start":{"line":277,"column":12},"end":{"line":277,"column":12}}]},"21":{"line":278,"type":"if","locations":[{"start":{"line":278,"column":16},"end":{"line":278,"column":16}},{"start":{"line":278,"column":16},"end":{"line":278,"column":16}}]},"22":{"line":291,"type":"if","locations":[{"start":{"line":291,"column":8},"end":{"line":291,"column":8}},{"start":{"line":291,"column":8},"end":{"line":291,"column":8}}]},"23":{"line":297,"type":"if","locations":[{"start":{"line":297,"column":8},"end":{"line":297,"column":8}},{"start":{"line":297,"column":8},"end":{"line":297,"column":8}}]},"24":{"line":363,"type":"if","locations":[{"start":{"line":363,"column":8},"end":{"line":363,"column":8}},{"start":{"line":363,"column":8},"end":{"line":363,"column":8}}]},"25":{"line":365,"type":"if","locations":[{"start":{"line":365,"column":12},"end":{"line":365,"column":12}},{"start":{"line":365,"column":12},"end":{"line":365,"column":12}}]},"26":{"line":372,"type":"if","locations":[{"start":{"line":372,"column":8},"end":{"line":372,"column":8}},{"start":{"line":372,"column":8},"end":{"line":372,"column":8}}]},"27":{"line":383,"type":"if","locations":[{"start":{"line":383,"column":16},"end":{"line":383,"column":16}},{"start":{"line":383,"column":16},"end":{"line":383,"column":16}}]},"28":{"line":421,"type":"if","locations":[{"start":{"line":421,"column":8},"end":{"line":421,"column":8}},{"start":{"line":421,"column":8},"end":{"line":421,"column":8}}]},"29":{"line":424,"type":"if","locations":[{"start":{"line":424,"column":12},"end":{"line":424,"column":12}},{"start":{"line":424,"column":12},"end":{"line":424,"column":12}}]},"30":{"line":428,"type":"if","locations":[{"start":{"line":428,"column":12},"end":{"line":428,"column":12}},{"start":{"line":428,"column":12},"end":{"line":428,"column":12}}]},"31":{"line":434,"type":"if","locations":[{"start":{"line":434,"column":8},"end":{"line":434,"column":8}},{"start":{"line":434,"column":8},"end":{"line":434,"column":8}}]},"32":{"line":435,"type":"if","locations":[{"start":{"line":435,"column":8},"end":{"line":435,"column":8}},{"start":{"line":435,"column":8},"end":{"line":435,"column":8}}]},"33":{"line":436,"type":"if","locations":[{"start":{"line":436,"column":8},"end":{"line":436,"column":8}},{"start":{"line":436,"column":8},"end":{"line":436,"column":8}}]},"34":{"line":443,"type":"if","locations":[{"start":{"line":443,"column":12},"end":{"line":443,"column":12}},{"start":{"line":443,"column":12},"end":{"line":443,"column":12}}]},"35":{"line":444,"type":"if","locations":[{"start":{"line":444,"column":12},"end":{"line":444,"column":12}},{"start":{"line":444,"column":12},"end":{"line":444,"column":12}}]},"36":{"line":445,"type":"if","locations":[{"start":{"line":445,"column":16},"end":{"line":445,"column":16}},{"start":{"line":445,"column":16},"end":{"line":445,"column":16}}]},"37":{"line":450,"type":"if","locations":[{"start":{"line":450,"column":12},"end":{"line":450,"column":12}},{"start":{"line":450,"column":12},"end":{"line":450,"column":12}}]},"38":{"line":486,"type":"if","locations":[{"start":{"line":486,"column":8},"end":{"line":486,"column":8}},{"start":{"line":486,"column":8},"end":{"line":486,"column":8}}]},"39":{"line":491,"type":"if","locations":[{"start":{"line":491,"column":12},"end":{"line":491,"column":12}},{"start":{"line":491,"column":12},"end":{"line":491,"column":12}}]},"40":{"line":518,"type":"if","locations":[{"start":{"line":518,"column":12},"end":{"line":518,"column":12}},{"start":{"line":518,"column":12},"end":{"line":518,"column":12}}]},"41":{"line":521,"type":"if","locations":[{"start":{"line":521,"column":12},"end":{"line":521,"column":12}},{"start":{"line":521,"column":12},"end":{"line":521,"column":12}}]},"42":{"line":529,"type":"if","locations":[{"start":{"line":529,"column":8},"end":{"line":529,"column":8}},{"start":{"line":529,"column":8},"end":{"line":529,"column":8}}]},"43":{"line":529,"type":"cond-expr","locations":[{"start":{"line":529,"column":12},"end":{"line":529,"column":38}},{"start":{"line":529,"column":43},"end":{"line":529,"column":66}}]},"44":{"line":532,"type":"if","locations":[{"start":{"line":532,"column":8},"end":{"line":532,"column":8}},{"start":{"line":532,"column":8},"end":{"line":532,"column":8}}]},"45":{"line":532,"type":"cond-expr","locations":[{"start":{"line":532,"column":12},"end":{"line":532,"column":39}},{"start":{"line":532,"column":44},"end":{"line":532,"column":68}}]},"46":{"line":551,"type":"if","locations":[{"start":{"line":551,"column":8},"end":{"line":551,"column":8}},{"start":{"line":551,"column":8},"end":{"line":551,"column":8}}]},"47":{"line":568,"type":"if","locations":[{"start":{"line":568,"column":8},"end":{"line":568,"column":8}},{"start":{"line":568,"column":8},"end":{"line":568,"column":8}}]},"48":{"line":573,"type":"if","locations":[{"start":{"line":573,"column":12},"end":{"line":573,"column":12}},{"start":{"line":573,"column":12},"end":{"line":573,"column":12}}]},"49":{"line":597,"type":"if","locations":[{"start":{"line":597,"column":12},"end":{"line":597,"column":12}},{"start":{"line":597,"column":12},"end":{"line":597,"column":12}}]},"50":{"line":604,"type":"if","locations":[{"start":{"line":604,"column":8},"end":{"line":604,"column":8}},{"start":{"line":604,"column":8},"end":{"line":604,"column":8}}]},"51":{"line":604,"type":"cond-expr","locations":[{"start":{"line":604,"column":12},"end":{"line":604,"column":29}},{"start":{"line":604,"column":34},"end":{"line":604,"column":57}}]},"52":{"line":612,"type":"if","locations":[{"start":{"line":612,"column":8},"end":{"line":612,"column":8}},{"start":{"line":612,"column":8},"end":{"line":612,"column":8}}]},"53":{"line":631,"type":"if","locations":[{"start":{"line":631,"column":8},"end":{"line":631,"column":8}},{"start":{"line":631,"column":8},"end":{"line":631,"column":8}}]},"54":{"line":650,"type":"if","locations":[{"start":{"line":650,"column":8},"end":{"line":650,"column":8}},{"start":{"line":650,"column":8},"end":{"line":650,"column":8}}]},"55":{"line":653,"type":"if","locations":[{"start":{"line":653,"column":12},"end":{"line":653,"column":12}},{"start":{"line":653,"column":12},"end":{"line":653,"column":12}}]},"56":{"line":666,"type":"if","locations":[{"start":{"line":666,"column":12},"end":{"line":666,"column":12}},{"start":{"line":666,"column":12},"end":{"line":666,"column":12}}]},"57":{"line":681,"type":"if","locations":[{"start":{"line":681,"column":12},"end":{"line":681,"column":12}},{"start":{"line":681,"column":12},"end":{"line":681,"column":12}}]},"58":{"line":697,"type":"if","locations":[{"start":{"line":697,"column":12},"end":{"line":697,"column":12}},{"start":{"line":697,"column":12},"end":{"line":697,"column":12}}]},"59":{"line":712,"type":"if","locations":[{"start":{"line":712,"column":15},"end":{"line":712,"column":15}},{"start":{"line":712,"column":15},"end":{"line":712,"column":15}}]},"60":{"line":715,"type":"if","locations":[{"start":{"line":715,"column":8},"end":{"line":715,"column":8}},{"start":{"line":715,"column":8},"end":{"line":715,"column":8}}]},"61":{"line":719,"type":"if","locations":[{"start":{"line":719,"column":8},"end":{"line":719,"column":8}},{"start":{"line":719,"column":8},"end":{"line":719,"column":8}}]},"62":{"line":720,"type":"if","locations":[{"start":{"line":720,"column":12},"end":{"line":720,"column":12}},{"start":{"line":720,"column":12},"end":{"line":720,"column":12}}]},"63":{"line":724,"type":"if","locations":[{"start":{"line":724,"column":15},"end":{"line":724,"column":15}},{"start":{"line":724,"column":15},"end":{"line":724,"column":15}}]},"64":{"line":728,"type":"if","locations":[{"start":{"line":728,"column":8},"end":{"line":728,"column":8}},{"start":{"line":728,"column":8},"end":{"line":728,"column":8}}]},"65":{"line":747,"type":"if","locations":[{"start":{"line":747,"column":15},"end":{"line":747,"column":15}},{"start":{"line":747,"column":15},"end":{"line":747,"column":15}}]},"66":{"line":752,"type":"if","locations":[{"start":{"line":752,"column":8},"end":{"line":752,"column":8}},{"start":{"line":752,"column":8},"end":{"line":752,"column":8}}]},"67":{"line":757,"type":"if","locations":[{"start":{"line":757,"column":8},"end":{"line":757,"column":8}},{"start":{"line":757,"column":8},"end":{"line":757,"column":8}}]},"68":{"line":776,"type":"if","locations":[{"start":{"line":776,"column":15},"end":{"line":776,"column":15}},{"start":{"line":776,"column":15},"end":{"line":776,"column":15}}]},"69":{"line":781,"type":"if","locations":[{"start":{"line":781,"column":8},"end":{"line":781,"column":8}},{"start":{"line":781,"column":8},"end":{"line":781,"column":8}}]},"70":{"line":786,"type":"if","locations":[{"start":{"line":786,"column":8},"end":{"line":786,"column":8}},{"start":{"line":786,"column":8},"end":{"line":786,"column":8}}]},"71":{"line":798,"type":"if","locations":[{"start":{"line":798,"column":8},"end":{"line":798,"column":8}},{"start":{"line":798,"column":8},"end":{"line":798,"column":8}}]},"72":{"line":805,"type":"if","locations":[{"start":{"line":805,"column":8},"end":{"line":805,"column":8}},{"start":{"line":805,"column":8},"end":{"line":805,"column":8}}]},"73":{"line":816,"type":"if","locations":[{"start":{"line":816,"column":8},"end":{"line":816,"column":8}},{"start":{"line":816,"column":8},"end":{"line":816,"column":8}}]},"74":{"line":824,"type":"if","locations":[{"start":{"line":824,"column":12},"end":{"line":824,"column":12}},{"start":{"line":824,"column":12},"end":{"line":824,"column":12}}]}}},"contracts/treasury/GovernanceTreasury.sol":{"l":{"26":213,"27":213,"33":0,"39":0,"45":0,"51":0,"55":0,"59":0,"60":0,"61":0},"path":"/Users/mac-chan/udao-contracts/contracts/treasury/GovernanceTreasury.sol","s":{"1":0,"2":0},"b":{"1":[0,0]},"f":{"1":213,"2":0,"3":0,"4":0,"5":0},"fnMap":{"1":{"name":"constructor","line":25,"loc":{"start":{"line":25,"column":4},"end":{"line":28,"column":4}}},"2":{"name":"jurorBalanceUpdate","line":32,"loc":{"start":{"line":32,"column":4},"end":{"line":34,"column":4}}},"3":{"name":"validatorBalanceUpdate","line":38,"loc":{"start":{"line":38,"column":4},"end":{"line":40,"column":4}}},"4":{"name":"governanceBalanceUpdate","line":44,"loc":{"start":{"line":44,"column":4},"end":{"line":46,"column":4}}},"5":{"name":"emergencyWithdraw","line":50,"loc":{"start":{"line":50,"column":4},"end":{"line":62,"column":4}}}},"statementMap":{"1":{"start":{"line":51,"column":8},"end":{"line":51,"column":2232}},"2":{"start":{"line":55,"column":8},"end":{"line":55,"column":2350}}},"branchMap":{"1":{"line":51,"type":"if","locations":[{"start":{"line":51,"column":8},"end":{"line":51,"column":8}},{"start":{"line":51,"column":8},"end":{"line":51,"column":8}}]}}},"contracts/treasury/PlatformTreasury.sol":{"l":{"52":0,"54":0,"56":0,"63":0,"68":2,"73":2,"75":2,"77":2,"84":2,"86":2,"88":2,"90":2,"92":2,"97":1,"102":1,"104":1,"106":1,"113":1,"115":1,"122":1,"127":1,"128":1,"130":1,"131":1,"133":1,"135":1,"145":1,"147":1,"148":1,"150":1,"151":1,"153":1,"154":0,"156":1,"159":1,"161":1,"163":1,"166":1,"167":1,"169":0,"176":0,"181":0,"183":0,"185":0,"192":0,"193":0,"195":0,"196":0,"197":0,"198":0,"199":0,"201":0,"202":0,"204":0,"211":0},"path":"/Users/mac-chan/udao-contracts/contracts/treasury/PlatformTreasury.sol","s":{"1":0,"2":0,"3":0,"4":0,"5":2,"6":2,"7":2,"8":2,"9":2,"10":2,"11":2,"12":2,"13":1,"14":1,"15":1,"16":1,"17":1,"18":1,"19":1,"20":1,"21":1,"22":1,"23":1,"24":1,"25":1,"26":1,"27":1,"28":1,"29":1,"30":1,"31":1,"32":1,"33":1,"34":0,"35":0,"36":0,"37":0,"38":0,"39":0,"40":0,"41":0,"42":0,"43":0,"44":0},"b":{"1":[2,0],"2":[2,0],"3":[1,0],"4":[1,0],"5":[1,0],"6":[0,1],"7":[1,0],"8":[0,0]},"f":{"1":213,"2":0,"3":2,"4":1,"5":1,"6":0},"fnMap":{"1":{"name":"constructor","line":46,"loc":{"start":{"line":33,"column":4},"end":{"line":47,"column":5}}},"2":{"name":"updateAndTransferPlatformBalances","line":50,"loc":{"start":{"line":50,"column":4},"end":{"line":64,"column":4}}},"3":{"name":"withdrawFoundation","line":67,"loc":{"start":{"line":67,"column":4},"end":{"line":93,"column":4}}},"4":{"name":"withdrawInstructor","line":96,"loc":{"start":{"line":96,"column":4},"end":{"line":136,"column":4}}},"5":{"name":"getWithdrawableBalanceInstructor","line":141,"loc":{"start":{"line":141,"column":4},"end":{"line":171,"column":4}}},"6":{"name":"changeRefundWindow","line":175,"loc":{"start":{"line":175,"column":4},"end":{"line":212,"column":4}}}},"statementMap":{"1":{"start":{"line":52,"column":8},"end":{"line":52,"column":59}},"2":{"start":{"line":54,"column":8},"end":{"line":54,"column":67}},"3":{"start":{"line":56,"column":8},"end":{"line":56,"column":2772}},"4":{"start":{"line":63,"column":8},"end":{"line":63,"column":42}},"5":{"start":{"line":68,"column":8},"end":{"line":68,"column":3383}},"6":{"start":{"line":73,"column":8},"end":{"line":73,"column":59}},"7":{"start":{"line":75,"column":8},"end":{"line":75,"column":67}},"8":{"start":{"line":77,"column":8},"end":{"line":77,"column":3906}},"9":{"start":{"line":84,"column":8},"end":{"line":84,"column":42}},"10":{"start":{"line":86,"column":8},"end":{"line":86,"column":52}},"11":{"start":{"line":90,"column":8},"end":{"line":90,"column":59}},"12":{"start":{"line":92,"column":8},"end":{"line":92,"column":53}},"13":{"start":{"line":97,"column":8},"end":{"line":97,"column":4953}},"14":{"start":{"line":102,"column":8},"end":{"line":102,"column":59}},"15":{"start":{"line":104,"column":8},"end":{"line":104,"column":67}},"16":{"start":{"line":106,"column":8},"end":{"line":106,"column":5482}},"17":{"start":{"line":113,"column":8},"end":{"line":113,"column":42}},"18":{"start":{"line":115,"column":8},"end":{"line":115,"column":6036}},"19":{"start":{"line":122,"column":8},"end":{"line":122,"column":6247}},"20":{"start":{"line":127,"column":8},"end":{"line":127,"column":57}},"21":{"start":{"line":128,"column":8},"end":{"line":128,"column":71}},"22":{"start":{"line":133,"column":8},"end":{"line":133,"column":53}},"23":{"start":{"line":135,"column":8},"end":{"line":135,"column":77}},"24":{"start":{"line":145,"column":8},"end":{"line":145,"column":59}},"25":{"start":{"line":147,"column":8},"end":{"line":147,"column":67}},"26":{"start":{"line":148,"column":8},"end":{"line":148,"column":32}},"27":{"start":{"line":150,"column":8},"end":{"line":150,"column":69}},"28":{"start":{"line":151,"column":8},"end":{"line":151,"column":32}},"29":{"start":{"line":153,"column":8},"end":{"line":153,"column":7883}},"30":{"start":{"line":159,"column":8},"end":{"line":159,"column":8137}},"31":{"start":{"line":161,"column":12},"end":{"line":161,"column":8278}},"32":{"start":{"line":166,"column":8},"end":{"line":166,"column":8598}},"33":{"start":{"line":167,"column":12},"end":{"line":167,"column":67}},"34":{"start":{"line":169,"column":12},"end":{"line":169,"column":20}},"35":{"start":{"line":176,"column":8},"end":{"line":176,"column":8981}},"36":{"start":{"line":181,"column":8},"end":{"line":181,"column":59}},"37":{"start":{"line":183,"column":8},"end":{"line":183,"column":67}},"38":{"start":{"line":185,"column":8},"end":{"line":185,"column":9507}},"39":{"start":{"line":192,"column":8},"end":{"line":192,"column":37}},"40":{"start":{"line":193,"column":8},"end":{"line":193,"column":38}},"41":{"start":{"line":195,"column":8},"end":{"line":195,"column":10039}},"42":{"start":{"line":202,"column":8},"end":{"line":202,"column":44}},"43":{"start":{"line":204,"column":8},"end":{"line":204,"column":10480}},"44":{"start":{"line":211,"column":8},"end":{"line":211,"column":42}}},"branchMap":{"1":{"line":67,"type":"if","locations":[{"start":{"line":67,"column":43},"end":{"line":67,"column":43}},{"start":{"line":67,"column":43},"end":{"line":67,"column":43}}]},"2":{"line":68,"type":"if","locations":[{"start":{"line":68,"column":8},"end":{"line":68,"column":8}},{"start":{"line":68,"column":8},"end":{"line":68,"column":8}}]},"3":{"line":96,"type":"if","locations":[{"start":{"line":96,"column":43},"end":{"line":96,"column":43}},{"start":{"line":96,"column":43},"end":{"line":96,"column":43}}]},"4":{"line":97,"type":"if","locations":[{"start":{"line":97,"column":8},"end":{"line":97,"column":8}},{"start":{"line":97,"column":8},"end":{"line":97,"column":8}}]},"5":{"line":122,"type":"if","locations":[{"start":{"line":122,"column":8},"end":{"line":122,"column":8}},{"start":{"line":122,"column":8},"end":{"line":122,"column":8}}]},"6":{"line":153,"type":"if","locations":[{"start":{"line":153,"column":8},"end":{"line":153,"column":8}},{"start":{"line":153,"column":8},"end":{"line":153,"column":8}}]},"7":{"line":166,"type":"if","locations":[{"start":{"line":166,"column":8},"end":{"line":166,"column":8}},{"start":{"line":166,"column":8},"end":{"line":166,"column":8}}]},"8":{"line":176,"type":"if","locations":[{"start":{"line":176,"column":8},"end":{"line":176,"column":8}},{"start":{"line":176,"column":8},"end":{"line":176,"column":8}}]}}},"contracts/treasury/VoucherVerifier.sol":{"l":{"17":213,"75":0,"76":0,"82":0,"84":0,"92":20,"116":2,"138":9,"160":20,"163":20,"164":20,"168":20,"175":2,"176":2,"177":2,"189":9,"190":9,"191":9,"192":0,"203":32,"204":32,"207":32},"path":"/Users/mac-chan/udao-contracts/contracts/treasury/VoucherVerifier.sol","s":{"1":0,"2":0,"3":0,"4":20,"5":2,"6":9,"7":20,"8":20,"9":20,"10":20,"11":2,"12":2,"13":2,"14":9,"15":9,"16":9,"17":0,"18":32,"19":32},"b":{"1":[0,0],"2":[0,0],"3":[0,0],"4":[20,0],"5":[20,0],"6":[2,0],"7":[0,9],"8":[0,0]},"f":{"1":213,"2":0,"3":20,"4":2,"5":9,"6":20,"7":2,"8":9,"9":32},"fnMap":{"1":{"name":"constructor","line":16,"loc":{"start":{"line":14,"column":4},"end":{"line":18,"column":4}}},"2":{"name":"updateAddresses","line":74,"loc":{"start":{"line":74,"column":4},"end":{"line":85,"column":4}}},"3":{"name":"_hashDiscountVoucher","line":89,"loc":{"start":{"line":89,"column":4},"end":{"line":109,"column":4}}},"4":{"name":"_hashRefundVoucher","line":113,"loc":{"start":{"line":113,"column":4},"end":{"line":131,"column":4}}},"5":{"name":"_hashCoachingVoucher","line":135,"loc":{"start":{"line":135,"column":4},"end":{"line":152,"column":4}}},"6":{"name":"verifyDiscountVoucher","line":157,"loc":{"start":{"line":157,"column":4},"end":{"line":169,"column":4}}},"7":{"name":"verifyRefundVoucher","line":174,"loc":{"start":{"line":174,"column":4},"end":{"line":181,"column":4}}},"8":{"name":"verifyCoachingVoucher","line":186,"loc":{"start":{"line":186,"column":4},"end":{"line":197,"column":4}}},"9":{"name":"getChainID","line":202,"loc":{"start":{"line":202,"column":4},"end":{"line":208,"column":4}}}},"statementMap":{"1":{"start":{"line":75,"column":8},"end":{"line":75,"column":3079}},"2":{"start":{"line":76,"column":12},"end":{"line":76,"column":3133}},"3":{"start":{"line":84,"column":8},"end":{"line":84,"column":49}},"4":{"start":{"line":92,"column":8},"end":{"line":92,"column":3753}},"5":{"start":{"line":116,"column":8},"end":{"line":116,"column":4790}},"6":{"start":{"line":138,"column":8},"end":{"line":138,"column":5712}},"7":{"start":{"line":160,"column":8},"end":{"line":160,"column":54}},"8":{"start":{"line":163,"column":8},"end":{"line":163,"column":65}},"9":{"start":{"line":164,"column":8},"end":{"line":164,"column":6770}},"10":{"start":{"line":168,"column":8},"end":{"line":168,"column":77}},"11":{"start":{"line":175,"column":8},"end":{"line":175,"column":52}},"12":{"start":{"line":176,"column":8},"end":{"line":176,"column":65}},"13":{"start":{"line":177,"column":8},"end":{"line":177,"column":7411}},"14":{"start":{"line":189,"column":8},"end":{"line":189,"column":54}},"15":{"start":{"line":190,"column":8},"end":{"line":190,"column":65}},"16":{"start":{"line":191,"column":8},"end":{"line":191,"column":8007}},"17":{"start":{"line":192,"column":12},"end":{"line":192,"column":8077}},"18":{"start":{"line":203,"column":8},"end":{"line":203,"column":18}},"19":{"start":{"line":207,"column":8},"end":{"line":207,"column":17}}},"branchMap":{"1":{"line":75,"type":"if","locations":[{"start":{"line":75,"column":8},"end":{"line":75,"column":8}},{"start":{"line":75,"column":8},"end":{"line":75,"column":8}}]},"2":{"line":76,"type":"if","locations":[{"start":{"line":76,"column":12},"end":{"line":76,"column":12}},{"start":{"line":76,"column":12},"end":{"line":76,"column":12}}]},"3":{"line":77,"type":"cond-expr","locations":[{"start":{"line":77,"column":17},"end":{"line":77,"column":49}},{"start":{"line":78,"column":20},"end":{"line":78,"column":56}}]},"4":{"line":164,"type":"if","locations":[{"start":{"line":164,"column":8},"end":{"line":164,"column":8}},{"start":{"line":164,"column":8},"end":{"line":164,"column":8}}]},"5":{"line":168,"type":"if","locations":[{"start":{"line":168,"column":8},"end":{"line":168,"column":8}},{"start":{"line":168,"column":8},"end":{"line":168,"column":8}}]},"6":{"line":177,"type":"if","locations":[{"start":{"line":177,"column":8},"end":{"line":177,"column":8}},{"start":{"line":177,"column":8},"end":{"line":177,"column":8}}]},"7":{"line":191,"type":"if","locations":[{"start":{"line":191,"column":8},"end":{"line":191,"column":8}},{"start":{"line":191,"column":8},"end":{"line":191,"column":8}}]},"8":{"line":192,"type":"if","locations":[{"start":{"line":192,"column":12},"end":{"line":192,"column":12}},{"start":{"line":192,"column":12},"end":{"line":192,"column":12}}]}}},"contracts/Vesting.sol":{"l":{"30":0,"31":0,"32":0,"38":0,"42":0,"48":0,"52":0,"64":0,"65":0,"66":0,"67":0,"68":0,"69":0,"70":0,"71":0,"72":0,"84":0,"88":0,"89":0,"90":0,"91":0,"92":0,"93":0,"94":0,"95":0,"96":0,"98":0,"104":0,"105":0,"106":0,"107":0,"108":0,"109":0,"110":0,"111":0},"path":"/Users/mac-chan/udao-contracts/contracts/Vesting.sol","s":{"1":0,"2":0,"3":0,"4":0,"5":0,"6":0,"7":0,"8":0,"9":0,"10":0,"11":0,"12":0,"13":0,"14":0,"15":0,"16":0,"17":0,"18":0,"19":0,"20":0,"21":0,"22":0,"23":0,"24":0,"25":0,"26":0,"27":0},"b":{"1":[0,0],"2":[0,0],"3":[0,0],"4":[0,0],"5":[0,0],"6":[0,0],"7":[0,0],"8":[0,0],"9":[0,0],"10":[0,0]},"f":{"1":0,"2":0,"3":0,"4":0,"5":0,"6":0},"fnMap":{"1":{"name":"constructor","line":29,"loc":{"start":{"line":29,"column":4},"end":{"line":33,"column":4}}},"2":{"name":"grantDepositerRole","line":37,"loc":{"start":{"line":37,"column":4},"end":{"line":43,"column":4}}},"3":{"name":"revokeDepositerRole","line":47,"loc":{"start":{"line":47,"column":4},"end":{"line":53,"column":4}}},"4":{"name":"deposit","line":63,"loc":{"start":{"line":59,"column":4},"end":{"line":73,"column":4}}},"5":{"name":"depositInBatch","line":83,"loc":{"start":{"line":79,"column":4},"end":{"line":99,"column":4}}},"6":{"name":"withdraw","line":103,"loc":{"start":{"line":103,"column":4},"end":{"line":112,"column":4}}}},"statementMap":{"1":{"start":{"line":31,"column":8},"end":{"line":31,"column":49}},"2":{"start":{"line":32,"column":8},"end":{"line":32,"column":45}},"3":{"start":{"line":38,"column":8},"end":{"line":38,"column":1554}},"4":{"start":{"line":42,"column":8},"end":{"line":42,"column":46}},"5":{"start":{"line":48,"column":8},"end":{"line":48,"column":1937}},"6":{"start":{"line":52,"column":8},"end":{"line":52,"column":47}},"7":{"start":{"line":64,"column":8},"end":{"line":64,"column":69}},"8":{"start":{"line":65,"column":8},"end":{"line":65,"column":41}},"9":{"start":{"line":69,"column":8},"end":{"line":69,"column":40}},"10":{"start":{"line":70,"column":8},"end":{"line":70,"column":49}},"11":{"start":{"line":71,"column":8},"end":{"line":71,"column":87}},"12":{"start":{"line":72,"column":8},"end":{"line":72,"column":19}},"13":{"start":{"line":84,"column":8},"end":{"line":84,"column":3480}},"14":{"start":{"line":88,"column":8},"end":{"line":88,"column":3622}},"15":{"start":{"line":89,"column":12},"end":{"line":89,"column":77}},"16":{"start":{"line":90,"column":12},"end":{"line":90,"column":45}},"17":{"start":{"line":94,"column":12},"end":{"line":94,"column":44}},"18":{"start":{"line":95,"column":12},"end":{"line":95,"column":53}},"19":{"start":{"line":96,"column":12},"end":{"line":96,"column":104}},"20":{"start":{"line":98,"column":8},"end":{"line":98,"column":19}},"21":{"start":{"line":104,"column":8},"end":{"line":104,"column":71}},"22":{"start":{"line":105,"column":8},"end":{"line":105,"column":56}},"23":{"start":{"line":106,"column":8},"end":{"line":106,"column":61}},"24":{"start":{"line":107,"column":8},"end":{"line":107,"column":44}},"25":{"start":{"line":109,"column":8},"end":{"line":109,"column":64}},"26":{"start":{"line":110,"column":8},"end":{"line":110,"column":50}},"27":{"start":{"line":111,"column":8},"end":{"line":111,"column":19}}},"branchMap":{"1":{"line":38,"type":"if","locations":[{"start":{"line":38,"column":8},"end":{"line":38,"column":8}},{"start":{"line":38,"column":8},"end":{"line":38,"column":8}}]},"2":{"line":48,"type":"if","locations":[{"start":{"line":48,"column":8},"end":{"line":48,"column":8}},{"start":{"line":48,"column":8},"end":{"line":48,"column":8}}]},"3":{"line":63,"type":"if","locations":[{"start":{"line":63,"column":15},"end":{"line":63,"column":15}},{"start":{"line":63,"column":15},"end":{"line":63,"column":15}}]},"4":{"line":64,"type":"if","locations":[{"start":{"line":64,"column":8},"end":{"line":64,"column":8}},{"start":{"line":64,"column":8},"end":{"line":64,"column":8}}]},"5":{"line":83,"type":"if","locations":[{"start":{"line":83,"column":15},"end":{"line":83,"column":15}},{"start":{"line":83,"column":15},"end":{"line":83,"column":15}}]},"6":{"line":84,"type":"if","locations":[{"start":{"line":84,"column":8},"end":{"line":84,"column":8}},{"start":{"line":84,"column":8},"end":{"line":84,"column":8}}]},"7":{"line":89,"type":"if","locations":[{"start":{"line":89,"column":12},"end":{"line":89,"column":12}},{"start":{"line":89,"column":12},"end":{"line":89,"column":12}}]},"8":{"line":105,"type":"if","locations":[{"start":{"line":105,"column":8},"end":{"line":105,"column":8}},{"start":{"line":105,"column":8},"end":{"line":105,"column":8}}]},"9":{"line":106,"type":"if","locations":[{"start":{"line":106,"column":8},"end":{"line":106,"column":8}},{"start":{"line":106,"column":8},"end":{"line":106,"column":8}}]},"10":{"line":110,"type":"if","locations":[{"start":{"line":110,"column":8},"end":{"line":110,"column":8}},{"start":{"line":110,"column":8},"end":{"line":110,"column":8}}]}}}}