TN:
SF:/Users/mac-chan/udao-contracts/contracts/ContractManager.sol
FN:103,constructor
FN:116,setAddresesVersion1Contracts
FN:140,setAddresesCommonInVersion1and2
FN:157,setAddresesVersion2GovernanceContracts
FN:173,syncVersion1ContractAddresses
FN:194,syncVersion2ContractAddresses
FN:219,setAddressUDAOContract
FN:229,setAddressRoleManagerContract
FN:241,setAddressUDAOCContract
FN:251,setAddressUDAOCertContract
FN:261,setAddressVoucherVerifierContract
FN:273,setAddressPlatformTreasuryContract
FN:285,setAddressGovernanceTreasuryContract
FN:297,setAddressSupervisionContract
FN:309,setAddressUDAOvpContract
FN:319,setAddressUDAOStakerContract
FN:329,setAddressUDAOGovernorContract
FNF:17
FNH:14
FNDA:213,constructor
FNDA:1,setAddresesVersion1Contracts
FNDA:1,setAddresesCommonInVersion1and2
FNDA:1,setAddresesVersion2GovernanceContracts
FNDA:0,syncVersion1ContractAddresses
FNDA:0,syncVersion2ContractAddresses
FNDA:1,setAddressUDAOContract
FNDA:1,setAddressRoleManagerContract
FNDA:1,setAddressUDAOCContract
FNDA:1,setAddressUDAOCertContract
FNDA:1,setAddressVoucherVerifierContract
FNDA:1,setAddressPlatformTreasuryContract
FNDA:1,setAddressGovernanceTreasuryContract
FNDA:1,setAddressSupervisionContract
FNDA:1,setAddressUDAOvpContract
FNDA:2,setAddressUDAOStakerContract
FNDA:0,setAddressUDAOGovernorContract
DA:104,213
DA:105,213
DA:124,1
DA:128,1
DA:129,1
DA:130,1
DA:131,1
DA:132,1
DA:133,1
DA:144,1
DA:148,1
DA:149,1
DA:162,1
DA:166,1
DA:167,1
DA:168,1
DA:174,0
DA:175,0
DA:179,0
DA:180,0
DA:183,0
DA:195,0
DA:201,0
DA:205,0
DA:211,0
DA:220,1
DA:224,1
DA:232,1
DA:236,1
DA:242,1
DA:246,1
DA:252,1
DA:256,1
DA:264,1
DA:268,1
DA:276,1
DA:280,1
DA:288,1
DA:292,1
DA:300,1
DA:304,1
DA:310,1
DA:314,1
DA:320,2
DA:324,2
DA:332,0
DA:336,0
LF:47
LH:36
BRDA:124,1,0,1
BRDA:124,1,1,0
BRDA:144,2,0,1
BRDA:144,2,1,0
BRDA:162,3,0,1
BRDA:162,3,1,0
BRDA:220,4,0,1
BRDA:220,4,1,0
BRDA:232,5,0,1
BRDA:232,5,1,0
BRDA:242,6,0,1
BRDA:242,6,1,0
BRDA:252,7,0,1
BRDA:252,7,1,0
BRDA:264,8,0,1
BRDA:264,8,1,0
BRDA:276,9,0,1
BRDA:276,9,1,0
BRDA:288,10,0,1
BRDA:288,10,1,0
BRDA:300,11,0,1
BRDA:300,11,1,0
BRDA:310,12,0,1
BRDA:310,12,1,0
BRDA:320,13,0,2
BRDA:320,13,1,0
BRDA:332,14,0,0
BRDA:332,14,1,0
BRF:28
BRH:13
end_of_record
TN:
SF:/Users/mac-chan/udao-contracts/contracts/governance/DummySupervision.sol
FN:13,getIsValidated
FN:20,createValidation
FN:24,dismissValidation
FN:28,dismissDispute
FNF:4
FNH:3
FNDA:0,getIsValidated
FNDA:28,createValidation
FNDA:17,dismissValidation
FNDA:17,dismissDispute
DA:14,0
LF:1
LH:0
BRF:0
BRH:0
end_of_record
TN:
SF:/Users/mac-chan/udao-contracts/contracts/interfaces/IGovernanceTreasury.sol
FNF:0
FNH:0
LF:0
LH:0
BRF:0
BRH:0
end_of_record
TN:
SF:/Users/mac-chan/udao-contracts/contracts/interfaces/IRoleManager.sol
FNF:0
FNH:0
LF:0
LH:0
BRF:0
BRH:0
end_of_record
TN:
SF:/Users/mac-chan/udao-contracts/contracts/interfaces/ISupervision.sol
FNF:0
FNH:0
LF:0
LH:0
BRF:0
BRH:0
end_of_record
TN:
SF:/Users/mac-chan/udao-contracts/contracts/interfaces/IUDAOC.sol
FNF:0
FNH:0
LF:0
LH:0
BRF:0
BRH:0
end_of_record
TN:
SF:/Users/mac-chan/udao-contracts/contracts/interfaces/IVoucherVerifier.sol
FNF:0
FNH:0
LF:0
LH:0
BRF:0
BRH:0
end_of_record
TN:
SF:/Users/mac-chan/udao-contracts/contracts/RoleLegacy.sol
FN:16,hasRole
FN:26,isNotBanned
FN:36,isKYCed
FN:49,constructor
FN:55,setFoundationAddress
FNF:5
FNH:4
FNDA:92,hasRole
FNDA:76,isNotBanned
FNDA:80,isKYCed
FNDA:852,constructor
FNDA:0,setFoundationAddress
DA:20,92
DA:30,76
DA:40,80
DA:50,852
DA:56,0
DA:60,0
DA:61,0
LF:7
LH:4
BRDA:56,1,0,0
BRDA:56,1,1,0
BRF:2
BRH:0
end_of_record
TN:
SF:/Users/mac-chan/udao-contracts/contracts/RoleManager.sol
FN:30,constructor
FN:37,updateAddresses
FN:50,hasRoles
FN:66,setKYC
FN:80,setBan
FN:104,setActiveKYCFunctions
FN:115,setActiveBanFunctions
FN:125,isKYCed
FN:138,isBanned
FN:152,grantRoleStaker
FN:163,revokeRoleStaker
FN:173,grantBackend
FN:183,revokeBackend
FNF:13
FNH:8
FNDA:213,constructor
FNDA:142,updateAddresses
FNDA:0,hasRoles
FNDA:117,setKYC
FNDA:11,setBan
FNDA:7100,setActiveKYCFunctions
FNDA:7100,setActiveBanFunctions
FNDA:120,isKYCed
FNDA:117,isBanned
FNDA:0,grantRoleStaker
FNDA:0,revokeRoleStaker
FNDA:0,grantBackend
FNDA:0,revokeBackend
DA:31,213
DA:32,213
DA:38,142
DA:43,142
DA:45,142
DA:54,0
DA:55,0
DA:56,0
DA:57,0
DA:60,0
DA:67,117
DA:68,117
DA:69,117
DA:71,117
DA:72,6
DA:73,6
DA:81,11
DA:86,11
DA:87,11
DA:92,11
DA:93,11
DA:95,11
DA:96,11
DA:97,11
DA:105,7100
DA:109,7100
DA:116,7100
DA:120,7100
DA:129,120
DA:130,0
DA:132,120
DA:142,117
DA:143,0
DA:145,117
DA:153,0
DA:157,0
DA:164,0
DA:168,0
DA:174,0
DA:178,0
DA:184,0
DA:188,0
DA:189,0
LF:43
LH:27
BRDA:38,1,0,142
BRDA:38,1,1,0
BRDA:39,2,0,142
BRDA:39,2,1,0
BRDA:56,3,0,0
BRDA:56,3,1,0
BRDA:67,4,0,117
BRDA:67,4,1,0
BRDA:71,5,0,6
BRDA:71,5,1,111
BRDA:81,6,0,11
BRDA:81,6,1,0
BRDA:82,7,0,11
BRDA:82,7,1,0
BRDA:86,8,0,11
BRDA:86,8,1,0
BRDA:87,9,0,11
BRDA:87,9,1,0
BRDA:95,10,0,11
BRDA:95,10,1,0
BRDA:105,11,0,7100
BRDA:105,11,1,0
BRDA:116,12,0,7100
BRDA:116,12,1,0
BRDA:129,13,0,0
BRDA:129,13,1,120
BRDA:142,14,0,0
BRDA:142,14,1,117
BRDA:153,15,0,0
BRDA:153,15,1,0
BRDA:164,16,0,0
BRDA:164,16,1,0
BRDA:174,17,0,0
BRDA:174,17,1,0
BRDA:184,18,0,0
BRDA:184,18,1,0
BRF:36
BRH:14
end_of_record
TN:
SF:/Users/mac-chan/udao-contracts/contracts/RoleNames.sol
FN:28,constructor
FNF:1
FNH:1
FNDA:1065,constructor
DA:29,1065
DA:30,1065
DA:31,1065
LF:3
LH:3
BRF:0
BRH:0
end_of_record
TN:
SF:/Users/mac-chan/udao-contracts/contracts/tokens/UDAO-Cert.sol
FN:37,constructor
FN:61,updateAddresses
FN:76,redeem
FN:95,_hash
FN:118,getChainID
FN:129,_verify
FN:141,_beforeTokenTransfer
FN:163,emergencyTransfer
FN:180,burn
FN:188,_burn
FN:194,tokenURI
FN:200,pause
FN:205,unpause
FNF:13
FNH:11
FNDA:213,constructor
FNDA:0,updateAddresses
FNDA:10,redeem
FNDA:8,_hash
FNDA:22,getChainID
FNDA:8,_verify
FNDA:10,_beforeTokenTransfer
FNDA:2,emergencyTransfer
FNDA:2,burn
FNDA:1,_burn
FNDA:1,tokenURI
FNDA:1,pause
FNDA:0,unpause
DA:39,213
DA:62,0
DA:63,0
DA:69,0
DA:71,0
DA:78,10
DA:80,9
DA:81,8
DA:83,8
DA:84,8
DA:89,7
DA:90,7
DA:98,8
DA:119,22
DA:120,22
DA:123,22
DA:132,8
DA:133,8
DA:146,10
DA:147,10
DA:149,2
DA:150,2
DA:151,2
DA:168,2
DA:173,1
DA:174,1
DA:175,1
DA:181,2
DA:185,1
DA:191,1
DA:197,1
DA:201,1
DA:202,1
DA:206,0
DA:207,0
LF:35
LH:29
BRDA:62,1,0,0
BRDA:62,1,1,0
BRDA:63,2,0,0
BRDA:63,2,1,0
BRDA:64,3,0,0
BRDA:64,3,1,0
BRDA:76,4,0,10
BRDA:76,4,1,1
BRDA:78,5,0,9
BRDA:78,5,1,1
BRDA:80,6,0,8
BRDA:80,6,1,1
BRDA:81,7,0,8
BRDA:81,7,1,0
BRDA:84,8,0,7
BRDA:84,8,1,1
BRDA:147,9,0,2
BRDA:147,9,1,8
BRDA:149,10,0,2
BRDA:149,10,1,0
BRDA:150,11,0,2
BRDA:150,11,1,0
BRDA:151,12,0,1
BRDA:151,12,1,1
BRDA:168,13,0,1
BRDA:168,13,1,1
BRDA:173,14,0,1
BRDA:173,14,1,0
BRDA:174,15,0,1
BRDA:174,15,1,0
BRDA:181,16,0,1
BRDA:181,16,1,1
BRDA:201,17,0,1
BRDA:201,17,1,0
BRDA:206,18,0,0
BRDA:206,18,1,0
BRF:36
BRH:22
end_of_record
TN:
SF:/Users/mac-chan/udao-contracts/contracts/tokens/UDAO.sol
FN:8,constructor
FNF:1
FNH:1
FNDA:213,constructor
DA:9,213
LF:1
LH:1
BRF:0
BRH:0
end_of_record
TN:
SF:/Users/mac-chan/udao-contracts/contracts/tokens/UDAOC.sol
FN:38,constructor
FN:85,setSellable
FN:96,updateAddresses
FN:117,createContent
FN:160,isCalldataStringEmpty
FN:172,modifyContent
FN:222,getContentParts
FN:229,_getPartNumberOfContent
FN:236,getPartNumberOfContent
FN:242,_burn
FN:256,_beforeTokenTransfer
FN:274,existsBatch
FN:286,exists
FN:292,_hash
FN:317,getChainID
FN:328,_verify
FN:336,pause
FN:342,unpause
FN:349,tokenURI
FN:355,supportsInterface
FNF:20
FNH:15
FNDA:213,constructor
FNDA:1,setSellable
FNDA:142,updateAddresses
FNDA:28,createContent
FNDA:28,isCalldataStringEmpty
FNDA:4,modifyContent
FNDA:13,getContentParts
FNDA:0,_getPartNumberOfContent
FNDA:16,getPartNumberOfContent
FNDA:0,_burn
FNDA:33,_beforeTokenTransfer
FNDA:0,existsBatch
FNDA:19,exists
FNDA:32,_hash
FNDA:32,getChainID
FNDA:32,_verify
FNDA:0,pause
FNDA:0,unpause
FNDA:1,tokenURI
FNDA:1,supportsInterface
DA:40,213
DA:41,213
DA:86,1
DA:90,1
DA:100,142
DA:101,0
DA:107,142
DA:108,142
DA:110,142
DA:119,28
DA:120,28
DA:125,28
DA:130,28
DA:132,28
DA:133,28
DA:135,28
DA:137,28
DA:139,28
DA:145,28
DA:147,28
DA:148,28
DA:149,28
DA:150,28
DA:152,28
DA:153,28
DA:155,28
DA:163,28
DA:174,4
DA:175,4
DA:180,4
DA:185,3
DA:187,3
DA:188,3
DA:190,3
DA:192,2
DA:194,1
DA:195,0
DA:202,1
DA:204,1
DA:206,1
DA:207,0
DA:213,1
DA:225,13
DA:232,0
DA:237,16
DA:245,0
DA:249,0
DA:261,33
DA:262,33
DA:263,33
DA:264,33
DA:266,32
DA:267,4
DA:268,2
DA:277,0
DA:278,0
DA:279,0
DA:281,0
DA:287,19
DA:295,32
DA:318,32
DA:319,32
DA:322,32
DA:331,32
DA:332,32
DA:337,0
DA:338,0
DA:343,0
DA:344,0
DA:352,1
DA:358,1
LF:71
LH:57
BRDA:86,1,0,1
BRDA:86,1,1,0
BRDA:100,2,0,0
BRDA:100,2,1,142
BRDA:101,3,0,0
BRDA:101,3,1,0
BRDA:102,4,0,0
BRDA:102,4,1,0
BRDA:117,5,0,28
BRDA:117,5,1,0
BRDA:120,6,0,28
BRDA:120,6,1,0
BRDA:125,7,0,28
BRDA:125,7,1,0
BRDA:126,8,0,0
BRDA:126,8,1,28
BRDA:130,9,0,28
BRDA:130,9,1,0
BRDA:132,10,0,28
BRDA:132,10,1,0
BRDA:135,11,0,28
BRDA:135,11,1,0
BRDA:137,12,0,28
BRDA:137,12,1,0
BRDA:139,13,0,28
BRDA:139,13,1,0
BRDA:152,14,0,28
BRDA:152,14,1,0
BRDA:172,15,0,4
BRDA:172,15,1,0
BRDA:175,16,0,4
BRDA:175,16,1,0
BRDA:180,17,0,3
BRDA:180,17,1,1
BRDA:181,18,0,0
BRDA:181,18,1,3
BRDA:185,19,0,3
BRDA:185,19,1,0
BRDA:187,20,0,3
BRDA:187,20,1,0
BRDA:190,21,0,2
BRDA:190,21,1,1
BRDA:192,22,0,1
BRDA:192,22,1,1
BRDA:194,23,0,0
BRDA:194,23,1,1
BRDA:195,24,0,0
BRDA:195,24,1,0
BRDA:206,25,0,0
BRDA:206,25,1,1
BRDA:245,26,0,0
BRDA:245,26,1,0
BRDA:262,27,0,33
BRDA:262,27,1,0
BRDA:263,28,0,33
BRDA:263,28,1,0
BRDA:264,29,0,32
BRDA:264,29,1,1
BRDA:266,30,0,4
BRDA:266,30,1,28
BRDA:267,31,0,2
BRDA:267,31,1,2
BRDA:268,32,0,1
BRDA:268,32,1,1
BRDA:337,33,0,0
BRDA:337,33,1,0
BRDA:343,34,0,0
BRDA:343,34,1,0
BRF:68
BRH:35
end_of_record
TN:
SF:/Users/mac-chan/udao-contracts/contracts/treasury/BasePlatform.sol
FN:121,constructor
FN:174,setFoundationAddress
FN:189,updateAddresses
FN:221,hasRole
FN:231,isNotBanned
FN:241,isKYCed
FN:251,activateGovernanceTreasury
FN:261,_distributeContentCutShares
FN:275,_distributeCoachingCutShares
FN:289,calculateContentSaleTotalCut
FN:297,calculateCoachingSaleTotalCut
FN:308,setCoachCuts
FN:353,setContentCuts
FNF:13
FNH:9
FNDA:213,constructor
FNDA:3,setFoundationAddress
FNDA:2,updateAddresses
FNDA:37,hasRole
FNDA:41,isNotBanned
FNDA:40,isKYCed
FNDA:0,activateGovernanceTreasury
FNDA:3,_distributeContentCutShares
FNDA:0,_distributeCoachingCutShares
FNDA:14,calculateContentSaleTotalCut
FNDA:7,calculateCoachingSaleTotalCut
FNDA:0,setCoachCuts
FNDA:0,setContentCuts
DA:128,213
DA:129,213
DA:130,213
DA:131,213
DA:132,213
DA:133,213
DA:175,3
DA:179,3
DA:180,3
DA:196,2
DA:197,1
DA:203,1
DA:204,1
DA:205,1
DA:206,1
DA:207,1
DA:209,1
DA:225,37
DA:235,41
DA:245,40
DA:252,0
DA:256,0
DA:262,3
DA:263,3
DA:264,3
DA:265,3
DA:267,3
DA:268,3
DA:269,3
DA:270,3
DA:276,0
DA:277,0
DA:278,0
DA:279,0
DA:281,0
DA:282,0
DA:283,0
DA:284,0
DA:292,14
DA:300,7
DA:314,0
DA:320,0
DA:325,0
DA:327,0
DA:328,0
DA:329,0
DA:330,0
DA:332,0
DA:334,0
DA:359,0
DA:365,0
DA:369,0
DA:371,0
DA:372,0
DA:373,0
DA:374,0
DA:376,0
DA:378,0
LF:58
LH:30
BRDA:175,1,0,3
BRDA:175,1,1,0
BRDA:196,2,0,1
BRDA:196,2,1,1
BRDA:197,3,0,0
BRDA:197,3,1,1
BRDA:198,4,0,0
BRDA:198,4,1,0
BRDA:252,5,0,0
BRDA:252,5,1,0
BRDA:314,6,0,0
BRDA:314,6,1,0
BRDA:315,7,0,0
BRDA:315,7,1,0
BRDA:315,8,0,0
BRDA:315,8,1,0
BRDA:325,9,0,0
BRDA:325,9,1,0
BRDA:359,10,0,0
BRDA:359,10,1,0
BRDA:360,11,0,0
BRDA:360,11,1,0
BRDA:360,12,0,0
BRDA:360,12,1,0
BRDA:369,13,0,0
BRDA:369,13,1,0
BRF:26
BRH:4
end_of_record
TN:
SF:/Users/mac-chan/udao-contracts/contracts/treasury/ContentManager.sol
FN:136,buyCoaching
FN:234,buyContentWithDiscount
FN:328,_buyContentwithUDAO
FN:415,_checkPartReceiver
FN:462,getOwnedParts
FN:474,_updatePlatformCutBalances
FN:542,_updateInstructorBalances
FN:610,_transferPlatformCutstoGovernance
FN:712,refundCoachingByInstructorOrLearner
FN:747,newRefundCoaching
FN:776,newRefundContent
FN:847,getChainID
FNF:12
FNH:10
FNDA:9,buyCoaching
FNDA:21,buyContentWithDiscount
FNDA:14,_buyContentwithUDAO
FNDA:20,_checkPartReceiver
FNDA:9,getOwnedParts
FNDA:24,_updatePlatformCutBalances
FNDA:22,_updateInstructorBalances
FNDA:24,_transferPlatformCutstoGovernance
FNDA:4,refundCoachingByInstructorOrLearner
FNDA:2,newRefundCoaching
FNDA:0,newRefundContent
FNDA:0,getChainID
DA:137,9
DA:138,9
DA:139,9
DA:140,9
DA:142,9
DA:143,9
DA:147,9
DA:151,9
DA:152,0
DA:153,0
DA:154,0
DA:155,0
DA:157,9
DA:158,9
DA:161,9
DA:162,9
DA:163,8
DA:164,8
DA:166,7
DA:169,7
DA:170,0
DA:172,7
DA:176,7
DA:182,7
DA:188,7
DA:191,7
DA:194,7
DA:197,7
DA:204,7
DA:212,7
DA:213,7
DA:225,7
DA:227,7
DA:236,21
DA:238,21
DA:240,21
DA:242,21
DA:244,21
DA:246,21
DA:249,21
DA:251,21
DA:252,0
DA:254,21
DA:255,21
DA:259,20
DA:261,20
DA:262,20
DA:267,20
DA:272,14
DA:274,14
DA:277,14
DA:278,0
DA:282,0
DA:284,14
DA:287,14
DA:291,14
DA:297,14
DA:303,14
DA:304,14
DA:305,14
DA:317,14
DA:337,14
DA:340,14
DA:343,14
DA:345,14
DA:348,14
DA:355,14
DA:363,14
DA:364,14
DA:365,14
DA:366,13
DA:368,14
DA:372,14
DA:373,5
DA:374,5
DA:377,5
DA:379,9
DA:380,17
DA:381,17
DA:383,17
DA:384,9
DA:386,17
DA:388,9
DA:392,14
DA:393,14
DA:406,14
DA:421,20
DA:422,17
DA:424,3
DA:428,2
DA:434,19
DA:435,18
DA:436,17
DA:440,16
DA:442,16
DA:443,37
DA:444,36
DA:445,22
DA:450,36
DA:456,14
DA:466,9
DA:481,24
DA:482,24
DA:484,24
DA:486,24
DA:489,3
DA:491,3
DA:493,0
DA:496,3
DA:500,3
DA:504,3
DA:506,3
DA:507,3
DA:508,3
DA:509,3
DA:512,3
DA:513,3
DA:516,3
DA:518,3
DA:519,3
DA:521,3
DA:522,0
DA:526,24
DA:527,24
DA:529,24
DA:530,17
DA:532,24
DA:533,7
DA:549,22
DA:551,22
DA:554,18
DA:555,0
DA:556,0
DA:559,18
DA:561,18
DA:563,18
DA:566,22
DA:568,22
DA:571,1
DA:573,1
DA:575,0
DA:578,1
DA:582,1
DA:586,1
DA:588,1
DA:589,1
DA:592,1
DA:595,1
DA:597,1
DA:598,1
DA:602,22
DA:604,22
DA:605,22
DA:612,24
DA:614,3
DA:616,3
DA:617,3
DA:618,3
DA:621,3
DA:622,3
DA:631,24
DA:633,0
DA:635,0
DA:636,0
DA:637,0
DA:640,0
DA:641,0
DA:650,24
DA:651,0
DA:653,0
DA:654,0
DA:655,0
DA:657,0
DA:662,0
DA:663,0
DA:666,0
DA:667,0
DA:668,0
DA:670,0
DA:675,0
DA:678,0
DA:681,0
DA:682,0
DA:683,0
DA:685,0
DA:690,0
DA:693,0
DA:697,0
DA:698,0
DA:713,4
DA:715,4
DA:719,3
DA:720,2
DA:725,0
DA:728,2
DA:729,2
DA:732,2
DA:733,2
DA:736,2
DA:740,2
DA:749,2
DA:750,2
DA:752,2
DA:757,1
DA:758,1
DA:761,1
DA:762,1
DA:765,1
DA:769,1
DA:778,0
DA:779,0
DA:781,0
DA:786,0
DA:787,0
DA:790,0
DA:791,0
DA:793,0
DA:798,0
DA:799,0
DA:805,0
DA:806,0
DA:810,0
DA:816,0
DA:820,0
DA:824,0
DA:825,0
DA:828,0
DA:833,0
DA:834,0
DA:837,0
DA:841,0
DA:848,0
DA:849,0
DA:852,0
LF:234
LH:168
BRDA:136,1,0,9
BRDA:136,1,1,0
BRDA:143,2,0,9
BRDA:143,2,1,0
BRDA:147,3,0,9
BRDA:147,3,1,0
BRDA:151,4,0,0
BRDA:151,4,1,9
BRDA:154,5,0,0
BRDA:154,5,1,0
BRDA:155,6,0,0
BRDA:155,6,1,0
BRDA:157,7,0,9
BRDA:157,7,1,0
BRDA:161,8,0,9
BRDA:161,8,1,0
BRDA:162,9,0,8
BRDA:162,9,1,1
BRDA:163,10,0,8
BRDA:163,10,1,0
BRDA:164,11,0,7
BRDA:164,11,1,1
BRDA:169,12,0,0
BRDA:169,12,1,7
BRDA:176,13,0,7
BRDA:176,13,1,0
BRDA:182,14,0,7
BRDA:182,14,1,0
BRDA:234,15,0,21
BRDA:234,15,1,0
BRDA:251,16,0,0
BRDA:251,16,1,21
BRDA:254,17,0,21
BRDA:254,17,1,0
BRDA:255,18,0,20
BRDA:255,18,1,1
BRDA:262,19,0,20
BRDA:262,19,1,0
BRDA:277,20,0,0
BRDA:277,20,1,14
BRDA:278,21,0,0
BRDA:278,21,1,0
BRDA:291,22,0,14
BRDA:291,22,1,0
BRDA:297,23,0,14
BRDA:297,23,1,0
BRDA:363,24,0,14
BRDA:363,24,1,0
BRDA:365,25,0,13
BRDA:365,25,1,1
BRDA:372,26,0,5
BRDA:372,26,1,9
BRDA:383,27,0,9
BRDA:383,27,1,8
BRDA:421,28,0,17
BRDA:421,28,1,3
BRDA:424,29,0,2
BRDA:424,29,1,1
BRDA:428,30,0,2
BRDA:428,30,1,0
BRDA:434,31,0,18
BRDA:434,31,1,1
BRDA:435,32,0,17
BRDA:435,32,1,1
BRDA:436,33,0,16
BRDA:436,33,1,1
BRDA:443,34,0,36
BRDA:443,34,1,1
BRDA:444,35,0,22
BRDA:444,35,1,14
BRDA:445,36,0,22
BRDA:445,36,1,0
BRDA:450,37,0,35
BRDA:450,37,1,1
BRDA:486,38,0,3
BRDA:486,38,1,21
BRDA:491,39,0,0
BRDA:491,39,1,3
BRDA:518,40,0,3
BRDA:518,40,1,0
BRDA:521,41,0,0
BRDA:521,41,1,3
BRDA:529,42,0,17
BRDA:529,42,1,7
BRDA:529,43,0,14
BRDA:529,43,1,3
BRDA:532,44,0,7
BRDA:532,44,1,17
BRDA:532,45,0,7
BRDA:532,45,1,0
BRDA:551,46,0,18
BRDA:551,46,1,4
BRDA:568,47,0,1
BRDA:568,47,1,21
BRDA:573,48,0,0
BRDA:573,48,1,1
BRDA:597,49,0,1
BRDA:597,49,1,0
BRDA:604,50,0,22
BRDA:604,50,1,0
BRDA:604,51,0,21
BRDA:604,51,1,1
BRDA:612,52,0,3
BRDA:612,52,1,21
BRDA:631,53,0,0
BRDA:631,53,1,24
BRDA:650,54,0,0
BRDA:650,54,1,24
BRDA:653,55,0,0
BRDA:653,55,1,0
BRDA:666,56,0,0
BRDA:666,56,1,0
BRDA:681,57,0,0
BRDA:681,57,1,0
BRDA:697,58,0,0
BRDA:697,58,1,0
BRDA:712,59,0,4
BRDA:712,59,1,0
BRDA:715,60,0,3
BRDA:715,60,1,1
BRDA:719,61,0,2
BRDA:719,61,1,1
BRDA:720,62,0,1
BRDA:720,62,1,1
BRDA:724,63,0,0
BRDA:724,63,1,1
BRDA:728,64,0,2
BRDA:728,64,1,0
BRDA:747,65,0,2
BRDA:747,65,1,0
BRDA:752,66,0,1
BRDA:752,66,1,1
BRDA:757,67,0,1
BRDA:757,67,1,0
BRDA:776,68,0,0
BRDA:776,68,1,0
BRDA:781,69,0,0
BRDA:781,69,1,0
BRDA:786,70,0,0
BRDA:786,70,1,0
BRDA:798,71,0,0
BRDA:798,71,1,0
BRDA:805,72,0,0
BRDA:805,72,1,0
BRDA:816,73,0,0
BRDA:816,73,1,0
BRDA:824,74,0,0
BRDA:824,74,1,0
BRF:148
BRH:86
end_of_record
TN:
SF:/Users/mac-chan/udao-contracts/contracts/treasury/GovernanceTreasury.sol
FN:25,constructor
FN:32,jurorBalanceUpdate
FN:38,validatorBalanceUpdate
FN:44,governanceBalanceUpdate
FN:50,emergencyWithdraw
FNF:5
FNH:1
FNDA:213,constructor
FNDA:0,jurorBalanceUpdate
FNDA:0,validatorBalanceUpdate
FNDA:0,governanceBalanceUpdate
FNDA:0,emergencyWithdraw
DA:26,213
DA:27,213
DA:33,0
DA:39,0
DA:45,0
DA:51,0
DA:55,0
DA:59,0
DA:60,0
DA:61,0
LF:10
LH:2
BRDA:51,1,0,0
BRDA:51,1,1,0
BRF:2
BRH:0
end_of_record
TN:
SF:/Users/mac-chan/udao-contracts/contracts/treasury/PlatformTreasury.sol
FN:46,constructor
FN:50,updateAndTransferPlatformBalances
FN:67,withdrawFoundation
FN:96,withdrawInstructor
FN:141,getWithdrawableBalanceInstructor
FN:175,changeRefundWindow
FNF:6
FNH:4
FNDA:213,constructor
FNDA:0,updateAndTransferPlatformBalances
FNDA:2,withdrawFoundation
FNDA:1,withdrawInstructor
FNDA:1,getWithdrawableBalanceInstructor
FNDA:0,changeRefundWindow
DA:52,0
DA:54,0
DA:56,0
DA:63,0
DA:68,2
DA:73,2
DA:75,2
DA:77,2
DA:84,2
DA:86,2
DA:88,2
DA:90,2
DA:92,2
DA:97,1
DA:102,1
DA:104,1
DA:106,1
DA:113,1
DA:115,1
DA:122,1
DA:127,1
DA:128,1
DA:130,1
DA:131,1
DA:133,1
DA:135,1
DA:145,1
DA:147,1
DA:148,1
DA:150,1
DA:151,1
DA:153,1
DA:154,0
DA:156,1
DA:159,1
DA:161,1
DA:163,1
DA:166,1
DA:167,1
DA:169,0
DA:176,0
DA:181,0
DA:183,0
DA:185,0
DA:192,0
DA:193,0
DA:195,0
DA:196,0
DA:197,0
DA:198,0
DA:199,0
DA:201,0
DA:202,0
DA:204,0
DA:211,0
LF:55
LH:34
BRDA:67,1,0,2
BRDA:67,1,1,0
BRDA:68,2,0,2
BRDA:68,2,1,0
BRDA:96,3,0,1
BRDA:96,3,1,0
BRDA:97,4,0,1
BRDA:97,4,1,0
BRDA:122,5,0,1
BRDA:122,5,1,0
BRDA:153,6,0,0
BRDA:153,6,1,1
BRDA:166,7,0,1
BRDA:166,7,1,0
BRDA:176,8,0,0
BRDA:176,8,1,0
BRF:16
BRH:7
end_of_record
TN:
SF:/Users/mac-chan/udao-contracts/contracts/treasury/VoucherVerifier.sol
FN:16,constructor
FN:74,updateAddresses
FN:89,_hashDiscountVoucher
FN:113,_hashRefundVoucher
FN:135,_hashCoachingVoucher
FN:157,verifyDiscountVoucher
FN:174,verifyRefundVoucher
FN:186,verifyCoachingVoucher
FN:202,getChainID
FNF:9
FNH:8
FNDA:213,constructor
FNDA:0,updateAddresses
FNDA:20,_hashDiscountVoucher
FNDA:2,_hashRefundVoucher
FNDA:9,_hashCoachingVoucher
FNDA:20,verifyDiscountVoucher
FNDA:2,verifyRefundVoucher
FNDA:9,verifyCoachingVoucher
FNDA:32,getChainID
DA:17,213
DA:75,0
DA:76,0
DA:82,0
DA:84,0
DA:92,20
DA:116,2
DA:138,9
DA:160,20
DA:163,20
DA:164,20
DA:168,20
DA:175,2
DA:176,2
DA:177,2
DA:189,9
DA:190,9
DA:191,9
DA:192,0
DA:203,32
DA:204,32
DA:207,32
LF:22
LH:17
BRDA:75,1,0,0
BRDA:75,1,1,0
BRDA:76,2,0,0
BRDA:76,2,1,0
BRDA:77,3,0,0
BRDA:77,3,1,0
BRDA:164,4,0,20
BRDA:164,4,1,0
BRDA:168,5,0,20
BRDA:168,5,1,0
BRDA:177,6,0,2
BRDA:177,6,1,0
BRDA:191,7,0,0
BRDA:191,7,1,9
BRDA:192,8,0,0
BRDA:192,8,1,0
BRF:16
BRH:4
end_of_record
TN:
SF:/Users/mac-chan/udao-contracts/contracts/Vesting.sol
FN:29,constructor
FN:37,grantDepositerRole
FN:47,revokeDepositerRole
FN:63,deposit
FN:83,depositInBatch
FN:103,withdraw
FNF:6
FNH:0
FNDA:0,constructor
FNDA:0,grantDepositerRole
FNDA:0,revokeDepositerRole
FNDA:0,deposit
FNDA:0,depositInBatch
FNDA:0,withdraw
DA:30,0
DA:31,0
DA:32,0
DA:38,0
DA:42,0
DA:48,0
DA:52,0
DA:64,0
DA:65,0
DA:66,0
DA:67,0
DA:68,0
DA:69,0
DA:70,0
DA:71,0
DA:72,0
DA:84,0
DA:88,0
DA:89,0
DA:90,0
DA:91,0
DA:92,0
DA:93,0
DA:94,0
DA:95,0
DA:96,0
DA:98,0
DA:104,0
DA:105,0
DA:106,0
DA:107,0
DA:108,0
DA:109,0
DA:110,0
DA:111,0
LF:35
LH:0
BRDA:38,1,0,0
BRDA:38,1,1,0
BRDA:48,2,0,0
BRDA:48,2,1,0
BRDA:63,3,0,0
BRDA:63,3,1,0
BRDA:64,4,0,0
BRDA:64,4,1,0
BRDA:83,5,0,0
BRDA:83,5,1,0
BRDA:84,6,0,0
BRDA:84,6,1,0
BRDA:89,7,0,0
BRDA:89,7,1,0
BRDA:105,8,0,0
BRDA:105,8,1,0
BRDA:106,9,0,0
BRDA:106,9,1,0
BRDA:110,10,0,0
BRDA:110,10,1,0
BRF:20
BRH:0
end_of_record
